
Mar 23, 2024 21:56:14.62 NEW SESSION
Mar 23, 2024 21:56:14.62 INFO: Created TensorFlow Lite XNNPACK delegate for CPU.

Mar 24, 2024 15:03:13.72 NEW SESSION
Mar 24, 2024 15:03:13.72 [21112:16524:0324/150313.724:ERROR:connection_factory_impl.cc(434)] Failed to connect to MCS endpoint with error -106
Mar 24, 2024 15:03:14.87 INFO: Created TensorFlow Lite XNNPACK delegate for CPU.
Mar 24, 2024 15:03:39.05 [21112:16524:0324/150339.055:ERROR:connection_factory_impl.cc(434)] Failed to connect to MCS endpoint with error -106
Mar 24, 2024 15:04:20.28 [21112:16524:0324/150420.283:ERROR:connection_factory_impl.cc(434)] Failed to connect to MCS endpoint with error -106
Mar 24, 2024 15:06:19.87 [21112:16524:0324/150619.873:ERROR:connection_factory_impl.cc(434)] Failed to connect to MCS endpoint with error -106
Mar 24, 2024 15:09:22.66 [21112:16524:0324/150922.667:ERROR:connection_factory_impl.cc(434)] Failed to connect to MCS endpoint with error -106
Mar 24, 2024 15:15:43.40 [21112:16524:0324/151543.407:ERROR:connection_factory_impl.cc(434)] Failed to connect to MCS endpoint with error -106
Mar 24, 2024 15:25:43.42 [21112:16524:0324/152543.419:ERROR:connection_factory_impl.cc(434)] Failed to connect to MCS endpoint with error -106
Mar 24, 2024 15:55:33.75 [21112:16524:0324/155533.752:ERROR:connection_factory_impl.cc(434)] Failed to connect to MCS endpoint with error -106
Mar 24, 2024 16:05:33.76 [21112:16524:0324/160533.763:ERROR:connection_factory_impl.cc(434)] Failed to connect to MCS endpoint with error -106
Mar 24, 2024 16:42:26.08 [21112:16524:0324/164226.086:ERROR:connection_factory_impl.cc(434)] Failed to connect to MCS endpoint with error -106
Mar 24, 2024 17:45:12.34 [21112:16524:0324/174512.343:ERROR:connection_factory_impl.cc(434)] Failed to connect to MCS endpoint with error -106
Mar 24, 2024 21:45:12.32 [21112:16524:0324/214512.322:ERROR:connection_factory_impl.cc(434)] Failed to connect to MCS endpoint with error -106
Mar 26, 2024 13:24:18.14 [21112:16524:0326/132418.141:ERROR:connection_factory_impl.cc(434)] Failed to connect to MCS endpoint with error -106
Mar 26, 2024 13:24:52.37 [21112:17988:0326/132452.370:ERROR:account_info_fetcher.cc(62)] OnGetTokenFailure: Connection failed (-106).
Mar 26, 2024 13:34:18.16 [21112:16524:0326/133418.162:ERROR:connection_factory_impl.cc(434)] Failed to connect to MCS endpoint with error -106
Mar 26, 2024 13:44:18.17 [21112:16524:0326/134418.168:ERROR:connection_factory_impl.cc(434)] Failed to connect to MCS endpoint with error -106
Mar 26, 2024 13:45:39.65 [5852:17216:0326/134539.648:ERROR:connection_factory_impl.cc(434)] Failed to connect to MCS endpoint with error -106
Mar 26, 2024 13:45:39.65 [5852:17216:0326/134539.650:ERROR:registration_request.cc(274)] Registration URL fetching failed.
Mar 26, 2024 13:45:40.31 INFO: Created TensorFlow Lite XNNPACK delegate for CPU.
Mar 26, 2024 13:46:00.56 [5852:17216:0326/134600.566:ERROR:registration_request.cc(274)] Registration URL fetching failed.
Mar 26, 2024 13:46:08.80 [5852:17216:0326/134608.807:ERROR:connection_factory_impl.cc(434)] Failed to connect to MCS endpoint with error -106
Mar 26, 2024 13:46:55.40 [5852:17216:0326/134655.404:ERROR:connection_factory_impl.cc(434)] Failed to connect to MCS endpoint with error -106
Mar 26, 2024 13:46:57.04 [5852:17216:0326/134657.041:ERROR:registration_request.cc(274)] Registration URL fetching failed.
Mar 26, 2024 13:48:17.51 [5852:17216:0326/134817.517:ERROR:connection_factory_impl.cc(434)] Failed to connect to MCS endpoint with error -106
Mar 26, 2024 13:48:52.44 [5852:17216:0326/134852.447:ERROR:registration_request.cc(274)] Registration URL fetching failed.
Mar 26, 2024 13:52:14.78 [6008:20676:0326/135214.782:ERROR:connection_factory_impl.cc(434)] Failed to connect to MCS endpoint with error -106
Mar 26, 2024 13:52:14.78 [6008:20676:0326/135214.782:ERROR:registration_request.cc(274)] Registration URL fetching failed.
Mar 26, 2024 13:52:15.45 INFO: Created TensorFlow Lite XNNPACK delegate for CPU.
Mar 26, 2024 13:52:40.71 [6008:20676:0326/135240.714:ERROR:connection_factory_impl.cc(434)] Failed to connect to MCS endpoint with error -106
Mar 26, 2024 13:52:42.73 [6008:20676:0326/135242.737:ERROR:registration_request.cc(274)] Registration URL fetching failed.
Mar 26, 2024 13:53:31.37 [6008:20676:0326/135331.377:ERROR:registration_request.cc(274)] Registration URL fetching failed.
Mar 26, 2024 13:53:38.92 [6008:20676:0326/135338.920:ERROR:connection_factory_impl.cc(434)] Failed to connect to MCS endpoint with error -106
Mar 26, 2024 13:55:07.28 [6008:20676:0326/135507.279:ERROR:connection_factory_impl.cc(434)] Failed to connect to MCS endpoint with error -106
Mar 26, 2024 13:55:09.20 [6008:20676:0326/135509.205:ERROR:registration_request.cc(274)] Registration URL fetching failed.
Mar 26, 2024 13:58:10.67 [6008:20676:0326/135810.677:ERROR:registration_request.cc(274)] Registration URL fetching failed.
Mar 26, 2024 13:58:22.40 [6008:20676:0326/135822.401:ERROR:connection_factory_impl.cc(434)] Failed to connect to MCS endpoint with error -106
Mar 26, 2024 14:02:01.06 [6008:20676:0326/140201.062:ERROR:connection_factory_impl.cc(434)] Failed to connect to MCS endpoint with error -105
Mar 26, 2024 14:07:00.53 [6008:20676:0326/140700.533:ERROR:connection_factory_impl.cc(483)] ConnectionHandler failed with net error: -2
Mar 26, 2024 14:23:42.12 [6008:20676:0326/142342.124:ERROR:connection_factory_impl.cc(434)] Failed to connect to MCS endpoint with error -7
Mar 26, 2024 14:23:42.12 [6008:2844:0326/142342.129:ERROR:get_updates_processor.cc(263)] PostClientToServerMessage() failed during GetUpdates with error Network error (ERR_NETWORK_IO_SUSPENDED)
Mar 26, 2024 14:45:35.60 [6008:20676:0326/144535.607:ERROR:connection_factory_impl.cc(483)] ConnectionHandler failed with net error: -2
Mar 26, 2024 14:52:48.00 [6008:20676:0326/145248.007:ERROR:connection_factory_impl.cc(434)] Failed to connect to MCS endpoint with error -7
Mar 26, 2024 16:09:41.99 [6008:20676:0326/154630.389:ERROR:connection_factory_impl.cc(483)] ConnectionHandler failed with net error: -2
Mar 26, 2024 16:09:42.44 [6008:20676:0326/160942.441:ERROR:connection_factory_impl.cc(434)] Failed to connect to MCS endpoint with error -7
Mar 26, 2024 16:10:13.42 [6008:20676:0326/161013.420:ERROR:connection_factory_impl.cc(434)] Failed to connect to MCS endpoint with error -106
Mar 26, 2024 16:46:24.59 [6008:20676:0326/164624.598:ERROR:connection_factory_impl.cc(483)] ConnectionHandler failed with net error: -2
Mar 26, 2024 16:58:58.58 [6008:20676:0326/165858.586:ERROR:connection_factory_impl.cc(434)] Failed to connect to MCS endpoint with error -7
Mar 26, 2024 17:20:24.74 [6008:4968:0326/172024.742:ERROR:cert_verify_proc_builtin.cc(878)] CertVerifyProcBuiltin for global.ib-ibi.com failed:
Mar 26, 2024 17:20:24.74 ----- Certificate i=0 (CN=*.ib-ibi.com,O=KBM Group LLC,L=Louisville,ST=Colorado,C=US) -----
Mar 26, 2024 17:20:24.74 ERROR: Time is after notAfter
Mar 26, 2024 17:20:24.74 
Mar 26, 2024 17:20:24.75 
Mar 26, 2024 17:54:08.26 [6008:20676:0326/175408.259:ERROR:connection_factory_impl.cc(483)] ConnectionHandler failed with net error: -2

Mar 27, 2024 15:51:45.21 NEW SESSION
Mar 27, 2024 15:51:45.21 INFO: Created TensorFlow Lite XNNPACK delegate for CPU.
Mar 27, 2024 15:53:46.96 [17532:14684:0327/155346.961:ERROR:connection_factory_impl.cc(434)] Failed to connect to MCS endpoint with error -106

Mar 27, 2024 17:08:14.47 NEW SESSION
Mar 27, 2024 17:08:14.47 INFO: Created TensorFlow Lite XNNPACK delegate for CPU.
Mar 27, 2024 17:18:02.42 [3684:20752:0327/171802.426:ERROR:connection_factory_impl.cc(483)] ConnectionHandler failed with net error: -2
Mar 27, 2024 17:18:28.30 [3684:20752:0327/171828.302:ERROR:connection_factory_impl.cc(434)] Failed to connect to MCS endpoint with error -109

Mar 28, 2024 22:47:02.61 NEW SESSION
Mar 28, 2024 22:47:02.61 [14768:22040:0328/224702.608:ERROR:connection_factory_impl.cc(434)] Failed to connect to MCS endpoint with error -106
Mar 28, 2024 22:47:02.61 [14768:22040:0328/224702.608:ERROR:registration_request.cc(274)] Registration URL fetching failed.
Mar 28, 2024 22:47:02.61 [14768:22040:0328/224702.609:ERROR:registration_request.cc(274)] Registration URL fetching failed.
Mar 28, 2024 22:47:02.61 [14768:22040:0328/224702.609:ERROR:registration_request.cc(274)] Registration URL fetching failed.
Mar 28, 2024 22:47:03.80 INFO: Created TensorFlow Lite XNNPACK delegate for CPU.
Mar 28, 2024 22:47:24.07 [14768:22040:0328/224724.076:ERROR:registration_request.cc(274)] Registration URL fetching failed.
Mar 28, 2024 22:47:24.10 [14768:22040:0328/224724.107:ERROR:registration_request.cc(274)] Registration URL fetching failed.
Mar 28, 2024 22:47:24.12 [14768:22040:0328/224724.124:ERROR:connection_factory_impl.cc(434)] Failed to connect to MCS endpoint with error -106
Mar 28, 2024 22:47:29.19 [14768:22040:0328/224729.190:ERROR:registration_request.cc(274)] Registration URL fetching failed.
Mar 28, 2024 22:47:33.28 [14768:7008:0328/224733.287:ERROR:account_info_fetcher.cc(62)] OnGetTokenFailure: Connection failed (-106).
Mar 28, 2024 22:48:09.60 [14768:22040:0328/224809.605:ERROR:connection_factory_impl.cc(434)] Failed to connect to MCS endpoint with error -106
Mar 28, 2024 22:48:16.07 [14768:22040:0328/224816.072:ERROR:registration_request.cc(274)] Registration URL fetching failed.
Mar 28, 2024 22:48:19.09 [14768:22040:0328/224819.091:ERROR:registration_request.cc(274)] Registration URL fetching failed.
Mar 28, 2024 22:48:23.57 [14768:22040:0328/224823.575:ERROR:registration_request.cc(274)] Registration URL fetching failed.
Mar 28, 2024 22:49:33.95 [14768:22040:0328/224933.952:ERROR:connection_factory_impl.cc(434)] Failed to connect to MCS endpoint with error -106
Mar 28, 2024 22:49:58.48 [14768:22040:0328/224958.485:ERROR:registration_request.cc(274)] Registration URL fetching failed.
Mar 28, 2024 22:50:03.27 [14768:22040:0328/225003.271:ERROR:registration_request.cc(274)] Registration URL fetching failed.
Mar 28, 2024 22:50:09.63 [14768:22040:0328/225009.639:ERROR:registration_request.cc(274)] Registration URL fetching failed.
Mar 28, 2024 22:52:56.17 [14768:22040:0328/225256.178:ERROR:connection_factory_impl.cc(434)] Failed to connect to MCS endpoint with error -106
Mar 28, 2024 22:53:26.80 [14768:22040:0328/225326.802:ERROR:registration_request.cc(274)] Registration URL fetching failed.
Mar 28, 2024 22:53:52.34 [14768:22040:0328/225352.348:ERROR:registration_request.cc(274)] Registration URL fetching failed.
Mar 28, 2024 22:54:01.57 [14768:22040:0328/225401.576:ERROR:registration_request.cc(274)] Registration URL fetching failed.
Mar 28, 2024 22:57:36.60 [14768:22040:0328/225736.603:ERROR:connection_factory_impl.cc(434)] Failed to connect to MCS endpoint with error -106
Mar 28, 2024 22:59:53.41 [14768:22040:0328/225953.412:ERROR:registration_request.cc(274)] Registration URL fetching failed.
Mar 28, 2024 23:00:15.01 [14768:22040:0328/230015.013:ERROR:connection_factory_impl.cc(434)] Failed to connect to MCS endpoint with error -106
Mar 28, 2024 23:00:58.71 [14768:22040:0328/230058.716:ERROR:registration_request.cc(274)] Registration URL fetching failed.
Mar 28, 2024 23:01:16.00 [14768:22040:0328/230116.000:ERROR:connection_factory_impl.cc(434)] Failed to connect to MCS endpoint with error -106
Mar 28, 2024 23:01:29.31 [14768:22040:0328/230129.317:ERROR:registration_request.cc(274)] Registration URL fetching failed.
Mar 28, 2024 23:02:53.90 [14768:22040:0328/230253.905:ERROR:connection_factory_impl.cc(434)] Failed to connect to MCS endpoint with error -106
Mar 28, 2024 23:05:57.78 [14768:22040:0328/230557.781:ERROR:connection_factory_impl.cc(434)] Failed to connect to MCS endpoint with error -106
Mar 28, 2024 23:13:26.10 [14768:22040:0328/231326.106:ERROR:connection_factory_impl.cc(434)] Failed to connect to MCS endpoint with error -106
Mar 28, 2024 23:23:26.12 [14768:22040:0328/232326.124:ERROR:connection_factory_impl.cc(434)] Failed to connect to MCS endpoint with error -106
Mar 28, 2024 23:33:26.14 [14768:22040:0328/233326.143:ERROR:connection_factory_impl.cc(434)] Failed to connect to MCS endpoint with error -106
Mar 28, 2024 23:43:26.14 [14768:22040:0328/234326.147:ERROR:connection_factory_impl.cc(434)] Failed to connect to MCS endpoint with error -106
Mar 28, 2024 23:53:26.15 [14768:22040:0328/235326.156:ERROR:connection_factory_impl.cc(434)] Failed to connect to MCS endpoint with error -106
Mar 29, 2024 24:03:26.17 [14768:22040:0329/000326.171:ERROR:connection_factory_impl.cc(434)] Failed to connect to MCS endpoint with error -106
Mar 29, 2024 01:03:07.46 [14768:22040:0329/010307.465:ERROR:connection_factory_impl.cc(434)] Failed to connect to MCS endpoint with error -106
Mar 29, 2024 05:03:07.46 [14768:22040:0329/050307.469:ERROR:connection_factory_impl.cc(434)] Failed to connect to MCS endpoint with error -106
Mar 29, 2024 12:39:57.19 [14768:22040:0329/123957.194:ERROR:connection_factory_impl.cc(434)] Failed to connect to MCS endpoint with error -106
Mar 29, 2024 13:24:05.13 INFO: Created TensorFlow Lite XNNPACK delegate for CPU.
Mar 29, 2024 13:43:26.90 [22656:20780:0329/134326.899:ERROR:connection_factory_impl.cc(483)] ConnectionHandler failed with net error: -2
Mar 29, 2024 14:06:56.60 [22656:20780:0329/140656.603:ERROR:connection_factory_impl.cc(434)] Failed to connect to MCS endpoint with error -109
Mar 29, 2024 14:52:10.83 [22656:20780:0329/145210.837:ERROR:connection_factory_impl.cc(483)] ConnectionHandler failed with net error: -2
Mar 29, 2024 15:21:05.95 [22656:20780:0329/152105.949:ERROR:connection_factory_impl.cc(434)] Failed to connect to MCS endpoint with error -7
Mar 29, 2024 16:45:41.08 INFO: Created TensorFlow Lite XNNPACK delegate for CPU.

Mar 29, 2024 22:28:24.26 NEW SESSION
Mar 29, 2024 22:28:24.26 [27248:18388:0329/222824.258:ERROR:connection_factory_impl.cc(434)] Failed to connect to MCS endpoint with error -106
Mar 29, 2024 22:28:25.22 INFO: Created TensorFlow Lite XNNPACK delegate for CPU.
Mar 29, 2024 22:28:45.92 [27248:18388:0329/222845.919:ERROR:connection_factory_impl.cc(434)] Failed to connect to MCS endpoint with error -106
Mar 29, 2024 22:29:36.25 [27248:18388:0329/222936.250:ERROR:connection_factory_impl.cc(434)] Failed to connect to MCS endpoint with error -106
Mar 29, 2024 22:31:26.81 [27248:18388:0329/223126.812:ERROR:connection_factory_impl.cc(434)] Failed to connect to MCS endpoint with error -106
Mar 29, 2024 22:34:20.35 [27248:18388:0329/223420.355:ERROR:connection_factory_impl.cc(434)] Failed to connect to MCS endpoint with error -106
Mar 29, 2024 22:38:36.47 [27248:18388:0329/223836.473:ERROR:connection_factory_impl.cc(434)] Failed to connect to MCS endpoint with error -105

Mar 30, 2024 11:30:06.36 NEW SESSION
Mar 30, 2024 11:30:06.36 [10504:10180:0330/113006.367:ERROR:connection_factory_impl.cc(434)] Failed to connect to MCS endpoint with error -106
Mar 30, 2024 11:30:07.16 INFO: Created TensorFlow Lite XNNPACK delegate for CPU.
Mar 30, 2024 11:30:29.18 [10504:10180:0330/113029.186:ERROR:connection_factory_impl.cc(434)] Failed to connect to MCS endpoint with error -106
Mar 30, 2024 11:30:37.63 [10504:16672:0330/113037.632:ERROR:account_info_fetcher.cc(62)] OnGetTokenFailure: Connection failed (-106).
Mar 30, 2024 11:31:19.88 [10504:10180:0330/113119.883:ERROR:connection_factory_impl.cc(434)] Failed to connect to MCS endpoint with error -106
Mar 30, 2024 11:32:44.87 [10504:10180:0330/113244.870:ERROR:connection_factory_impl.cc(434)] Failed to connect to MCS endpoint with error -106
Mar 30, 2024 11:36:19.74 [10504:10180:0330/113619.745:ERROR:connection_factory_impl.cc(434)] Failed to connect to MCS endpoint with error -106
Mar 30, 2024 11:43:01.91 [10504:10180:0330/114301.915:ERROR:connection_factory_impl.cc(434)] Failed to connect to MCS endpoint with error -106
Mar 30, 2024 11:53:01.92 [10504:10180:0330/115301.927:ERROR:connection_factory_impl.cc(434)] Failed to connect to MCS endpoint with error -106
Mar 30, 2024 12:03:01.93 [10504:10180:0330/120301.932:ERROR:connection_factory_impl.cc(434)] Failed to connect to MCS endpoint with error -106
Mar 30, 2024 12:30:33.68 [10504:10180:0330/123033.686:ERROR:connection_factory_impl.cc(434)] Failed to connect to MCS endpoint with error -106
Mar 30, 2024 13:06:54.75 [10504:10180:0330/130654.754:ERROR:connection_factory_impl.cc(434)] Failed to connect to MCS endpoint with error -106
Mar 30, 2024 14:53:20.19 [10504:10180:0330/145320.192:ERROR:connection_factory_impl.cc(434)] Failed to connect to MCS endpoint with error -106
Mar 30, 2024 15:03:20.20 [10504:10180:0330/150320.198:ERROR:connection_factory_impl.cc(434)] Failed to connect to MCS endpoint with error -106

Apr 04, 2024 12:45:17.01 NEW SESSION
Apr 04, 2024 12:45:17.01 INFO: Created TensorFlow Lite XNNPACK delegate for CPU.

Apr 04, 2024 23:25:21.01 NEW SESSION
Apr 04, 2024 23:25:21.01 [3740:26416:0404/232521.017:ERROR:connection_factory_impl.cc(434)] Failed to connect to MCS endpoint with error -106
Apr 04, 2024 23:25:22.11 INFO: Created TensorFlow Lite XNNPACK delegate for CPU.
Apr 04, 2024 23:25:49.27 [3740:26416:0404/232549.268:ERROR:connection_factory_impl.cc(434)] Failed to connect to MCS endpoint with error -106
Apr 04, 2024 23:26:43.33 [3740:26416:0404/232643.338:ERROR:connection_factory_impl.cc(434)] Failed to connect to MCS endpoint with error -106
Apr 04, 2024 23:28:38.14 [3740:26416:0404/232838.147:ERROR:connection_factory_impl.cc(434)] Failed to connect to MCS endpoint with error -106
Apr 04, 2024 23:30:07.98 [27024:20280:0404/233007.985:ERROR:connection_factory_impl.cc(434)] Failed to connect to MCS endpoint with error -106
Apr 04, 2024 23:30:08.52 INFO: Created TensorFlow Lite XNNPACK delegate for CPU.
Apr 04, 2024 23:30:37.40 [27024:20280:0404/233037.402:ERROR:connection_factory_impl.cc(434)] Failed to connect to MCS endpoint with error -106
Apr 05, 2024 24:02:38.63 INFO: Created TensorFlow Lite XNNPACK delegate for CPU.
Apr 05, 2024 24:04:52.67 [13108:3708:0405/000452.673:ERROR:interface_endpoint_client.cc(707)] Message 0 rejected by interface blink.mojom.WidgetHost
Apr 05, 2024 24:07:43.09 [13108:9960:0405/000743.090:ERROR:connection_factory_impl.cc(483)] ConnectionHandler failed with net error: -2
Apr 05, 2024 04:07:43.18 [13108:9960:0405/040743.184:ERROR:connection_factory_impl.cc(434)] Failed to connect to MCS endpoint with error -7
Apr 05, 2024 12:07:41.21 [13108:9960:0405/120741.211:ERROR:connection_factory_impl.cc(434)] Failed to connect to MCS endpoint with error -106
Apr 05, 2024 12:08:26.05 [13108:9960:0405/120826.054:ERROR:connection_factory_impl.cc(434)] Failed to connect to MCS endpoint with error -106
Apr 05, 2024 12:10:23.37 [13108:9960:0405/121023.373:ERROR:connection_factory_impl.cc(434)] Failed to connect to MCS endpoint with error -106
Apr 05, 2024 12:12:03.84 [13108:21492:0405/121203.840:ERROR:get_updates_processor.cc(263)] PostClientToServerMessage() failed during GetUpdates with error Network error (ERR_INTERNET_DISCONNECTED)
Apr 05, 2024 12:13:18.86 [13108:21492:0405/121318.860:ERROR:get_updates_processor.cc(263)] PostClientToServerMessage() failed during GetUpdates with error Network error (ERR_INTERNET_DISCONNECTED)
Apr 05, 2024 12:13:37.33 [13108:9960:0405/121337.330:ERROR:connection_factory_impl.cc(434)] Failed to connect to MCS endpoint with error -106

Apr 05, 2024 12:56:23.00 NEW SESSION
Apr 05, 2024 12:56:23.00 INFO: Created TensorFlow Lite XNNPACK delegate for CPU.
Apr 05, 2024 12:57:22.22 [2132:23468:0405/125722.226:ERROR:connection_factory_impl.cc(434)] Failed to connect to MCS endpoint with error -106
Apr 05, 2024 12:57:48.57 [2132:23468:0405/125748.575:ERROR:connection_factory_impl.cc(434)] Failed to connect to MCS endpoint with error -106
Apr 05, 2024 12:58:42.24 [2132:23468:0405/125842.241:ERROR:connection_factory_impl.cc(434)] Failed to connect to MCS endpoint with error -106
Apr 05, 2024 13:05:17.28 [2132:23468:0405/130517.285:ERROR:connection_factory_impl.cc(434)] Failed to connect to MCS endpoint with error -105

Apr 05, 2024 14:56:21.29 NEW SESSION
Apr 05, 2024 14:56:21.29 [16184:24488:0405/145621.289:ERROR:connection_factory_impl.cc(434)] Failed to connect to MCS endpoint with error -106
Apr 05, 2024 14:56:21.29 [16184:24488:0405/145621.290:ERROR:registration_request.cc(274)] Registration URL fetching failed.
Apr 05, 2024 14:56:21.29 [16184:24488:0405/145621.290:ERROR:registration_request.cc(274)] Registration URL fetching failed.
Apr 05, 2024 14:56:22.15 INFO: Created TensorFlow Lite XNNPACK delegate for CPU.
Apr 05, 2024 14:56:42.41 [16184:24488:0405/145642.413:ERROR:registration_request.cc(274)] Registration URL fetching failed.
Apr 05, 2024 14:56:48.15 [16184:24488:0405/145648.152:ERROR:registration_request.cc(274)] Registration URL fetching failed.
Apr 05, 2024 14:56:51.19 [16184:24488:0405/145651.196:ERROR:connection_factory_impl.cc(434)] Failed to connect to MCS endpoint with error -106
Apr 05, 2024 14:57:23.06 [16184:24488:0405/145723.059:ERROR:registration_request.cc(274)] Registration URL fetching failed.
Apr 05, 2024 14:57:35.83 [16184:24488:0405/145735.829:ERROR:registration_request.cc(274)] Registration URL fetching failed.
Apr 05, 2024 14:57:39.89 [16184:24488:0405/145739.895:ERROR:connection_factory_impl.cc(434)] Failed to connect to MCS endpoint with error -106
Apr 05, 2024 14:59:00.98 [16184:24488:0405/145900.981:ERROR:registration_request.cc(274)] Registration URL fetching failed.
Apr 05, 2024 14:59:09.03 [16184:24488:0405/145909.034:ERROR:registration_request.cc(274)] Registration URL fetching failed.
Apr 05, 2024 14:59:26.97 [16184:24488:0405/145926.972:ERROR:connection_factory_impl.cc(434)] Failed to connect to MCS endpoint with error -106
Apr 05, 2024 15:01:06.07 [16184:28128:0405/150106.072:ERROR:account_info_fetcher.cc(62)] OnGetTokenFailure: Connection failed (-106).
Apr 05, 2024 15:29:41.19 [16184:24488:0405/152941.189:ERROR:connection_factory_impl.cc(434)] Failed to connect to MCS endpoint with error -106
Apr 05, 2024 15:29:41.20 [16184:24488:0405/152941.204:ERROR:registration_request.cc(274)] Registration URL fetching failed.
Apr 05, 2024 15:29:41.20 [16184:24488:0405/152941.207:ERROR:registration_request.cc(274)] Registration URL fetching failed.
Apr 05, 2024 15:34:09.77 [20012:12996:0405/153409.776:ERROR:connection_factory_impl.cc(434)] Failed to connect to MCS endpoint with error -106
Apr 05, 2024 15:34:09.77 [20012:12996:0405/153409.777:ERROR:registration_request.cc(274)] Registration URL fetching failed.
Apr 05, 2024 15:34:09.77 [20012:12996:0405/153409.777:ERROR:registration_request.cc(274)] Registration URL fetching failed.
Apr 05, 2024 15:34:10.46 INFO: Created TensorFlow Lite XNNPACK delegate for CPU.
Apr 05, 2024 15:34:31.09 [20012:12996:0405/153431.098:ERROR:registration_request.cc(274)] Registration URL fetching failed.
Apr 05, 2024 15:34:33.72 [20012:12996:0405/153433.728:ERROR:registration_request.cc(274)] Registration URL fetching failed.
Apr 05, 2024 15:34:39.11 [20012:12996:0405/153439.116:ERROR:connection_factory_impl.cc(434)] Failed to connect to MCS endpoint with error -106
Apr 05, 2024 15:35:16.55 [20012:12996:0405/153516.551:ERROR:registration_request.cc(274)] Registration URL fetching failed.
Apr 05, 2024 15:35:21.63 [20012:12996:0405/153521.631:ERROR:registration_request.cc(274)] Registration URL fetching failed.
Apr 05, 2024 15:35:26.11 [20012:12996:0405/153526.114:ERROR:connection_factory_impl.cc(434)] Failed to connect to MCS endpoint with error -106
Apr 05, 2024 15:36:55.79 [20012:12996:0405/153655.793:ERROR:registration_request.cc(274)] Registration URL fetching failed.
Apr 05, 2024 15:37:07.64 [20012:12996:0405/153707.649:ERROR:connection_factory_impl.cc(434)] Failed to connect to MCS endpoint with error -106
Apr 05, 2024 15:37:08.56 [20012:12996:0405/153708.567:ERROR:registration_request.cc(274)] Registration URL fetching failed.
Apr 05, 2024 15:39:56.00 [20012:12996:0405/153956.004:ERROR:registration_request.cc(274)] Registration URL fetching failed.
Apr 05, 2024 15:39:58.24 [20012:12996:0405/153958.244:ERROR:registration_request.cc(274)] Registration URL fetching failed.
Apr 05, 2024 15:40:40.34 [20012:12996:0405/154040.340:ERROR:connection_factory_impl.cc(434)] Failed to connect to MCS endpoint with error -106
Apr 05, 2024 15:45:47.32 [20012:12996:0405/154547.325:ERROR:registration_request.cc(274)] Registration URL fetching failed.
Apr 05, 2024 15:47:00.75 [20012:12996:0405/154700.757:ERROR:connection_factory_impl.cc(434)] Failed to connect to MCS endpoint with error -106
Apr 05, 2024 15:47:06.84 [20012:12996:0405/154706.845:ERROR:registration_request.cc(274)] Registration URL fetching failed.
Apr 05, 2024 15:57:00.77 [20012:12996:0405/155700.772:ERROR:connection_factory_impl.cc(434)] Failed to connect to MCS endpoint with error -106
Apr 05, 2024 16:07:00.78 [20012:12996:0405/160700.787:ERROR:connection_factory_impl.cc(434)] Failed to connect to MCS endpoint with error -106
Apr 05, 2024 16:08:42.77 [20012:12996:0405/160842.775:ERROR:connection_factory_impl.cc(434)] Failed to connect to MCS endpoint with error -105
Apr 05, 2024 16:13:32.81 [20012:12996:0405/161234.872:ERROR:connection_factory_impl.cc(483)] ConnectionHandler failed with net error: -2
Apr 05, 2024 22:55:52.70 [15120:27236:0405/225552.704:ERROR:connection_factory_impl.cc(434)] Failed to connect to MCS endpoint with error -106
Apr 05, 2024 22:55:53.70 INFO: Created TensorFlow Lite XNNPACK delegate for CPU.
Apr 05, 2024 22:55:53.73 WARNING: Attempting to use a delegate that only supports static-sized tensors with a graph that has dynamic-sized tensors (tensor#141 is a dynamic-sized tensor).
Apr 05, 2024 22:56:18.06 [15120:27236:0405/225618.064:ERROR:connection_factory_impl.cc(434)] Failed to connect to MCS endpoint with error -106
Apr 05, 2024 22:57:13.23 [15120:27236:0405/225713.239:ERROR:connection_factory_impl.cc(434)] Failed to connect to MCS endpoint with error -106
Apr 05, 2024 22:58:42.69 [15120:27236:0405/225842.693:ERROR:connection_factory_impl.cc(434)] Failed to connect to MCS endpoint with error -106
Apr 05, 2024 23:01:27.64 [15120:27236:0405/230127.640:ERROR:connection_factory_impl.cc(434)] Failed to connect to MCS endpoint with error -106
Apr 05, 2024 23:08:39.75 [15120:27236:0405/230839.749:ERROR:connection_factory_impl.cc(434)] Failed to connect to MCS endpoint with error -106
Apr 06, 2024 15:11:50.19 INFO: Created TensorFlow Lite XNNPACK delegate for CPU.
Apr 06, 2024 15:11:50.31 WARNING: Attempting to use a delegate that only supports static-sized tensors with a graph that has dynamic-sized tensors (tensor#141 is a dynamic-sized tensor).
Apr 06, 2024 15:13:14.46 [12412:22876:0406/151314.463:ERROR:connection_factory_impl.cc(483)] ConnectionHandler failed with net error: -2
Apr 06, 2024 15:32:17.88 [12412:22876:0406/153217.880:ERROR:connection_factory_impl.cc(434)] Failed to connect to MCS endpoint with error -7

Apr 27, 2024 16:17:57.13 NEW SESSION
Apr 27, 2024 16:17:57.13 Created TensorFlow Lite XNNPACK delegate for CPU.
Apr 27, 2024 16:17:59.32 [16680:18800:0427/161759.321:ERROR:connection_factory_impl.cc(434)] Failed to connect to MCS endpoint with error -105
Apr 27, 2024 16:22:37.90 Created TensorFlow Lite XNNPACK delegate for CPU.
Apr 27, 2024 16:35:24.80 Created TensorFlow Lite XNNPACK delegate for CPU.

Apr 29, 2024 13:41:15.10 NEW SESSION
Apr 29, 2024 13:41:15.10 Created TensorFlow Lite XNNPACK delegate for CPU.
Apr 29, 2024 13:43:48.01 [12908:27540:0429/134348.019:ERROR:connection_factory_impl.cc(483)] ConnectionHandler failed with net error: -2
Apr 29, 2024 13:51:22.09 [12908:27540:0429/135122.091:ERROR:connection_factory_impl.cc(483)] ConnectionHandler failed with net error: -2
Apr 29, 2024 14:37:17.21 [12908:27540:0429/143717.217:ERROR:connection_factory_impl.cc(483)] ConnectionHandler failed with net error: -2
Apr 29, 2024 15:07:51.65 [12908:12728:0429/150751.652:ERROR:get_updates_processor.cc(263)] PostClientToServerMessage() failed during GetUpdates with error Network error (ERR_HTTP2_PING_FAILED)
Apr 29, 2024 15:29:55.80 [12908:27540:0429/152955.806:ERROR:connection_factory_impl.cc(483)] ConnectionHandler failed with net error: -2
Apr 29, 2024 16:24:33.23 [12908:27540:0429/162433.237:ERROR:connection_factory_impl.cc(483)] ConnectionHandler failed with net error: -2
Apr 29, 2024 16:35:44.52 [12908:27540:0429/163544.521:ERROR:connection_factory_impl.cc(434)] Failed to connect to MCS endpoint with error -106
Apr 29, 2024 16:39:48.99 [12908:27540:0429/163948.997:ERROR:connection_factory_impl.cc(434)] Failed to connect to MCS endpoint with error -105
Apr 29, 2024 16:39:52.52 [12908:8064:0429/163952.528:ERROR:device_event_log_impl.cc(195)] [16:39:52.527] USB: usb_service_win.cc:105 SetupDiGetDeviceProperty({{A45C254E-DF1C-4EFD-8020-67D146A850E0}, 6}) failed: Element not found. (0x490)
Apr 29, 2024 16:40:11.30 [12908:27540:0429/164011.304:ERROR:connection_factory_impl.cc(434)] Failed to connect to MCS endpoint with error -106
Apr 29, 2024 16:49:23.03 [12908:27540:0429/164923.031:ERROR:connection_factory_impl.cc(483)] ConnectionHandler failed with net error: -2
Apr 29, 2024 17:08:52.07 [12908:27540:0429/170852.073:ERROR:connection_factory_impl.cc(434)] Failed to connect to MCS endpoint with error -106
Apr 29, 2024 17:09:14.48 [12908:27540:0429/170914.484:ERROR:connection_factory_impl.cc(434)] Failed to connect to MCS endpoint with error -106
Apr 29, 2024 17:09:58.77 [12908:27540:0429/170958.770:ERROR:connection_factory_impl.cc(434)] Failed to connect to MCS endpoint with error -105
Apr 29, 2024 17:16:34.18 [12908:27540:0429/171634.187:ERROR:connection_factory_impl.cc(483)] ConnectionHandler failed with net error: -2
Apr 29, 2024 17:20:06.68 [12908:27540:0429/172006.688:ERROR:connection_factory_impl.cc(483)] ConnectionHandler failed with net error: -2
Apr 29, 2024 17:45:54.37 [12908:27540:0429/174554.377:ERROR:connection_factory_impl.cc(483)] ConnectionHandler failed with net error: -2
Apr 29, 2024 18:10:39.91 [12908:27540:0429/181039.911:ERROR:connection_factory_impl.cc(483)] ConnectionHandler failed with net error: -2
Apr 29, 2024 18:38:30.66 [12908:27540:0429/183830.663:ERROR:connection_factory_impl.cc(483)] ConnectionHandler failed with net error: -2

Apr 29, 2024 21:43:22.72 NEW SESSION
Apr 29, 2024 21:43:22.72 Created TensorFlow Lite XNNPACK delegate for CPU.

May 01, 2024 22:22:08.90 NEW SESSION
May 01, 2024 22:22:08.90 [13648:18548:0501/222208.900:ERROR:connection_factory_impl.cc(434)] Failed to connect to MCS endpoint with error -106
May 01, 2024 22:22:09.87 Created TensorFlow Lite XNNPACK delegate for CPU.
May 01, 2024 22:22:33.74 [13648:18548:0501/222233.741:ERROR:connection_factory_impl.cc(434)] Failed to connect to MCS endpoint with error -106
May 01, 2024 22:23:16.93 [13648:18548:0501/222316.937:ERROR:connection_factory_impl.cc(434)] Failed to connect to MCS endpoint with error -106
May 01, 2024 22:24:46.99 [13648:18548:0501/222446.997:ERROR:connection_factory_impl.cc(434)] Failed to connect to MCS endpoint with error -106
May 01, 2024 23:50:42.66 [13648:18548:0501/235042.662:ERROR:connection_factory_impl.cc(434)] Failed to connect to MCS endpoint with error -106
May 02, 2024 24:45:59.32 [13648:18548:0502/004559.320:ERROR:connection_factory_impl.cc(434)] Failed to connect to MCS endpoint with error -106
May 02, 2024 24:46:27.24 [13648:18548:0502/004627.249:ERROR:connection_factory_impl.cc(434)] Failed to connect to MCS endpoint with error -106
May 02, 2024 24:47:15.10 [13648:18548:0502/004715.102:ERROR:connection_factory_impl.cc(434)] Failed to connect to MCS endpoint with error -106
May 02, 2024 24:49:03.53 [13648:18548:0502/004903.538:ERROR:connection_factory_impl.cc(434)] Failed to connect to MCS endpoint with error -106
May 02, 2024 24:52:57.18 [13648:18548:0502/005257.184:ERROR:connection_factory_impl.cc(434)] Failed to connect to MCS endpoint with error -106

May 03, 2024 16:39:14.49 NEW SESSION
May 03, 2024 16:39:14.49 Created TensorFlow Lite XNNPACK delegate for CPU.
May 03, 2024 16:39:55.11 [15408:29496:0503/163955.112:ERROR:connection_handler_impl.cc(472)] Timed out waiting for GCM Protocol buffer.
May 03, 2024 16:39:55.11 [15408:29496:0503/163955.112:ERROR:connection_factory_impl.cc(483)] ConnectionHandler failed with net error: -7
May 03, 2024 16:40:16.63 [15408:21200:0503/164016.632:ERROR:get_updates_processor.cc(263)] PostClientToServerMessage() failed during GetUpdates with error Network error (ERR_NAME_NOT_RESOLVED)
May 03, 2024 17:19:40.47 [15408:29496:0503/171940.472:ERROR:connection_factory_impl.cc(483)] ConnectionHandler failed with net error: -2
May 03, 2024 17:20:21.58 [15408:29496:0503/172021.580:ERROR:connection_factory_impl.cc(483)] ConnectionHandler failed with net error: -2
May 03, 2024 17:25:13.62 [15408:29496:0503/172513.620:ERROR:connection_factory_impl.cc(483)] ConnectionHandler failed with net error: -2

May 03, 2024 22:51:40.50 NEW SESSION
May 03, 2024 22:51:40.50 [28464:24964:0503/225140.505:ERROR:connection_factory_impl.cc(434)] Failed to connect to MCS endpoint with error -106
May 03, 2024 22:51:41.24 Created TensorFlow Lite XNNPACK delegate for CPU.
May 03, 2024 22:52:07.93 [28464:24964:0503/225207.934:ERROR:connection_factory_impl.cc(434)] Failed to connect to MCS endpoint with error -106
May 03, 2024 22:53:00.50 [28464:24964:0503/225300.505:ERROR:connection_factory_impl.cc(434)] Failed to connect to MCS endpoint with error -106
May 03, 2024 22:54:58.17 [28464:24964:0503/225458.176:ERROR:connection_factory_impl.cc(434)] Failed to connect to MCS endpoint with error -106
May 03, 2024 22:58:24.15 [28464:24964:0503/225824.148:ERROR:connection_factory_impl.cc(434)] Failed to connect to MCS endpoint with error -106
May 03, 2024 23:05:54.47 [28464:24964:0503/230554.470:ERROR:connection_factory_impl.cc(434)] Failed to connect to MCS endpoint with error -106
May 03, 2024 23:11:34.77 [28464:24964:0503/231134.774:ERROR:connection_factory_impl.cc(434)] Failed to connect to MCS endpoint with error -106
May 03, 2024 23:21:34.78 [28464:24964:0503/232134.779:ERROR:connection_factory_impl.cc(434)] Failed to connect to MCS endpoint with error -106
May 03, 2024 23:31:34.79 [28464:24964:0503/233134.792:ERROR:connection_factory_impl.cc(434)] Failed to connect to MCS endpoint with error -106
May 03, 2024 23:41:34.80 [28464:24964:0503/234134.808:ERROR:connection_factory_impl.cc(434)] Failed to connect to MCS endpoint with error -106
May 03, 2024 23:51:34.82 [28464:24964:0503/235134.826:ERROR:connection_factory_impl.cc(434)] Failed to connect to MCS endpoint with error -106
May 04, 2024 24:01:34.83 [28464:24964:0504/000134.829:ERROR:connection_factory_impl.cc(434)] Failed to connect to MCS endpoint with error -106
May 04, 2024 24:11:34.84 [28464:24964:0504/001134.845:ERROR:connection_factory_impl.cc(434)] Failed to connect to MCS endpoint with error -106
May 04, 2024 24:21:34.84 [28464:24964:0504/002134.847:ERROR:connection_factory_impl.cc(434)] Failed to connect to MCS endpoint with error -106
May 04, 2024 24:31:34.86 [28464:24964:0504/003134.865:ERROR:connection_factory_impl.cc(434)] Failed to connect to MCS endpoint with error -106
May 04, 2024 24:41:34.86 [28464:24964:0504/004134.868:ERROR:connection_factory_impl.cc(434)] Failed to connect to MCS endpoint with error -106
May 04, 2024 24:45:10.38 [0504/004510.377:ERROR:filesystem_win.cc(128)] GetFileAttributes C:\Users\ayush\AppData\Local\Google\Chrome\User Data\Crashpad\attachments\b790aca1-f0e1-4c58-a438-979d8d66d67a: The system cannot find the file specified. (0x2)
May 04, 2024 24:45:10.38 [0504/004510.381:ERROR:filesystem_win.cc(128)] GetFileAttributes C:\Users\ayush\AppData\Local\Google\Chrome\User Data\Crashpad\attachments\b790aca1-f0e1-4c58-a438-979d8d66d67a: The system cannot find the file specified. (0x2)
May 04, 2024 24:45:10.38 [0504/004510.386:ERROR:filesystem_win.cc(128)] GetFileAttributes C:\Users\ayush\AppData\Local\Google\Chrome\User Data\Crashpad\attachments\b790aca1-f0e1-4c58-a438-979d8d66d67a: The system cannot find the file specified. (0x2)
May 04, 2024 24:45:10.38 [0504/004510.388:ERROR:filesystem_win.cc(128)] GetFileAttributes C:\Users\ayush\AppData\Local\Google\Chrome\User Data\Crashpad\attachments\b790aca1-f0e1-4c58-a438-979d8d66d67a: The system cannot find the file specified. (0x2)
May 04, 2024 24:51:13.81 Created TensorFlow Lite XNNPACK delegate for CPU.
May 04, 2024 24:58:07.14 [27952:11920:0504/005807.144:ERROR:connection_factory_impl.cc(434)] Failed to connect to MCS endpoint with error -106
May 04, 2024 24:58:34.03 [27952:11920:0504/005834.038:ERROR:connection_factory_impl.cc(434)] Failed to connect to MCS endpoint with error -106
May 04, 2024 24:59:18.23 [27952:11920:0504/005918.231:ERROR:connection_factory_impl.cc(434)] Failed to connect to MCS endpoint with error -106
May 04, 2024 01:00:45.20 [27952:11920:0504/010045.205:ERROR:connection_factory_impl.cc(434)] Failed to connect to MCS endpoint with error -106
May 04, 2024 01:03:37.61 [27952:11920:0504/010337.612:ERROR:connection_factory_impl.cc(434)] Failed to connect to MCS endpoint with error -106

May 04, 2024 11:50:21.76 NEW SESSION
May 04, 2024 11:50:21.76 [27772:25556:0504/115021.763:ERROR:connection_factory_impl.cc(434)] Failed to connect to MCS endpoint with error -106
May 04, 2024 11:50:22.89 Created TensorFlow Lite XNNPACK delegate for CPU.
May 04, 2024 11:50:42.41 [27772:25556:0504/115042.413:ERROR:connection_factory_impl.cc(434)] Failed to connect to MCS endpoint with error -106
May 04, 2024 11:51:25.55 [27772:25556:0504/115125.549:ERROR:connection_factory_impl.cc(434)] Failed to connect to MCS endpoint with error -106
May 04, 2024 11:53:09.82 [27772:25556:0504/115309.826:ERROR:connection_factory_impl.cc(434)] Failed to connect to MCS endpoint with error -106
May 04, 2024 12:15:12.55 [27772:25556:0504/121512.549:ERROR:connection_factory_impl.cc(483)] ConnectionHandler failed with net error: -2

May 04, 2024 18:31:06.44 NEW SESSION
May 04, 2024 18:31:06.44 [22280:16912:0504/183106.442:ERROR:connection_factory_impl.cc(434)] Failed to connect to MCS endpoint with error -106
May 04, 2024 18:31:07.18 Created TensorFlow Lite XNNPACK delegate for CPU.
May 04, 2024 18:31:34.79 [22280:16912:0504/183134.791:ERROR:connection_factory_impl.cc(434)] Failed to connect to MCS endpoint with error -106
May 04, 2024 18:32:15.77 [22280:16912:0504/183215.776:ERROR:connection_factory_impl.cc(434)] Failed to connect to MCS endpoint with error -106
May 04, 2024 18:33:53.00 [9600:7064:0504/183352.999:ERROR:connection_factory_impl.cc(434)] Failed to connect to MCS endpoint with error -106
May 04, 2024 18:33:53.67 Created TensorFlow Lite XNNPACK delegate for CPU.
May 04, 2024 18:34:17.14 [9600:7064:0504/183417.149:ERROR:connection_factory_impl.cc(434)] Failed to connect to MCS endpoint with error -106
May 04, 2024 18:34:57.90 [9600:7064:0504/183457.902:ERROR:connection_factory_impl.cc(434)] Failed to connect to MCS endpoint with error -106
May 04, 2024 18:36:48.56 [9600:7064:0504/183648.566:ERROR:connection_factory_impl.cc(434)] Failed to connect to MCS endpoint with error -106
May 04, 2024 18:40:43.94 [9600:7064:0504/184043.940:ERROR:connection_factory_impl.cc(434)] Failed to connect to MCS endpoint with error -106
May 04, 2024 18:48:38.91 [9600:7064:0504/184838.911:ERROR:connection_factory_impl.cc(434)] Failed to connect to MCS endpoint with error -106
May 04, 2024 18:58:38.91 [9600:7064:0504/185838.916:ERROR:connection_factory_impl.cc(434)] Failed to connect to MCS endpoint with error -106
May 04, 2024 19:08:38.93 [9600:7064:0504/190838.931:ERROR:connection_factory_impl.cc(434)] Failed to connect to MCS endpoint with error -106
May 04, 2024 19:18:38.94 [9600:7064:0504/191838.944:ERROR:connection_factory_impl.cc(434)] Failed to connect to MCS endpoint with error -106
May 04, 2024 19:23:02.28 [9600:7064:0504/192302.279:ERROR:connection_factory_impl.cc(434)] Failed to connect to MCS endpoint with error -106
May 04, 2024 19:33:02.28 [9600:7064:0504/193302.282:ERROR:connection_factory_impl.cc(434)] Failed to connect to MCS endpoint with error -106
May 04, 2024 19:48:31.27 [9600:7064:0504/194831.276:ERROR:connection_factory_impl.cc(434)] Failed to connect to MCS endpoint with error -106
May 04, 2024 19:58:31.29 [9600:7064:0504/195831.289:ERROR:connection_factory_impl.cc(434)] Failed to connect to MCS endpoint with error -106
May 05, 2024 11:50:03.60 [26672:32532:0505/115003.609:ERROR:connection_factory_impl.cc(434)] Failed to connect to MCS endpoint with error -106
May 05, 2024 11:50:04.57 Created TensorFlow Lite XNNPACK delegate for CPU.
May 05, 2024 11:50:24.46 [26672:32532:0505/115024.464:ERROR:connection_factory_impl.cc(434)] Failed to connect to MCS endpoint with error -106
May 05, 2024 11:51:09.47 [26672:32532:0505/115109.479:ERROR:connection_factory_impl.cc(434)] Failed to connect to MCS endpoint with error -106
May 05, 2024 11:53:04.79 [26672:32532:0505/115304.797:ERROR:connection_factory_impl.cc(434)] Failed to connect to MCS endpoint with error -106
May 05, 2024 11:56:39.33 [26672:32532:0505/115639.339:ERROR:connection_factory_impl.cc(434)] Failed to connect to MCS endpoint with error -106
May 05, 2024 12:04:18.90 [26672:32532:0505/120418.900:ERROR:connection_factory_impl.cc(434)] Failed to connect to MCS endpoint with error -106
May 05, 2024 12:14:18.90 [26672:32532:0505/121418.903:ERROR:connection_factory_impl.cc(434)] Failed to connect to MCS endpoint with error -106
May 05, 2024 12:24:18.91 [26672:32532:0505/122418.910:ERROR:connection_factory_impl.cc(434)] Failed to connect to MCS endpoint with error -106
May 05, 2024 12:34:18.91 [26672:32532:0505/123418.914:ERROR:connection_factory_impl.cc(434)] Failed to connect to MCS endpoint with error -106
May 05, 2024 16:42:47.99 [26672:32532:0505/164247.993:ERROR:connection_factory_impl.cc(434)] Failed to connect to MCS endpoint with error -106
May 06, 2024 01:10:55.40 [26672:32532:0506/011055.400:ERROR:connection_factory_impl.cc(434)] Failed to connect to MCS endpoint with error -106
May 06, 2024 01:11:29.23 [26672:20976:0506/011129.232:ERROR:account_info_fetcher.cc(62)] OnGetTokenFailure: Connection failed (-106).
May 06, 2024 01:20:55.41 [26672:32532:0506/012055.415:ERROR:connection_factory_impl.cc(434)] Failed to connect to MCS endpoint with error -106
May 06, 2024 01:30:55.42 [26672:32532:0506/013055.425:ERROR:connection_factory_impl.cc(434)] Failed to connect to MCS endpoint with error -106
May 06, 2024 01:40:55.43 [26672:32532:0506/014055.433:ERROR:connection_factory_impl.cc(434)] Failed to connect to MCS endpoint with error -106
May 06, 2024 01:50:55.45 [26672:32532:0506/015055.458:ERROR:connection_factory_impl.cc(434)] Failed to connect to MCS endpoint with error -106
May 06, 2024 02:00:55.46 [26672:32532:0506/020055.460:ERROR:connection_factory_impl.cc(434)] Failed to connect to MCS endpoint with error -106
May 06, 2024 02:10:55.47 [26672:32532:0506/021055.477:ERROR:connection_factory_impl.cc(434)] Failed to connect to MCS endpoint with error -106
May 06, 2024 06:15:42.93 [26672:32532:0506/061542.937:ERROR:connection_factory_impl.cc(434)] Failed to connect to MCS endpoint with error -106
May 06, 2024 14:34:38.27 [26672:32532:0506/143438.271:ERROR:connection_factory_impl.cc(434)] Failed to connect to MCS endpoint with error -106
May 06, 2024 14:44:38.28 [26672:32532:0506/144438.287:ERROR:connection_factory_impl.cc(434)] Failed to connect to MCS endpoint with error -106
May 06, 2024 14:54:38.30 [26672:32532:0506/145438.304:ERROR:connection_factory_impl.cc(434)] Failed to connect to MCS endpoint with error -106
May 06, 2024 15:04:38.30 [26672:32532:0506/150438.308:ERROR:connection_factory_impl.cc(434)] Failed to connect to MCS endpoint with error -106
May 06, 2024 15:14:38.32 [26672:32532:0506/151438.323:ERROR:connection_factory_impl.cc(434)] Failed to connect to MCS endpoint with error -106
May 06, 2024 15:24:38.33 [26672:32532:0506/152438.332:ERROR:connection_factory_impl.cc(434)] Failed to connect to MCS endpoint with error -106
May 06, 2024 15:34:38.34 [26672:32532:0506/153438.347:ERROR:connection_factory_impl.cc(434)] Failed to connect to MCS endpoint with error -106
May 06, 2024 15:44:38.36 [26672:32532:0506/154438.362:ERROR:connection_factory_impl.cc(434)] Failed to connect to MCS endpoint with error -106
May 06, 2024 15:54:38.37 [26672:32532:0506/155438.375:ERROR:connection_factory_impl.cc(434)] Failed to connect to MCS endpoint with error -106
May 06, 2024 16:22:45.36 [26672:32532:0506/162245.359:ERROR:connection_factory_impl.cc(434)] Failed to connect to MCS endpoint with error -106
May 06, 2024 16:32:45.38 [26672:32532:0506/163245.380:ERROR:connection_factory_impl.cc(434)] Failed to connect to MCS endpoint with error -106
May 06, 2024 16:42:45.39 [26672:32532:0506/164245.395:ERROR:connection_factory_impl.cc(434)] Failed to connect to MCS endpoint with error -106
May 06, 2024 16:52:45.40 [26672:32532:0506/165245.406:ERROR:connection_factory_impl.cc(434)] Failed to connect to MCS endpoint with error -106
May 06, 2024 17:02:45.41 [26672:32532:0506/170245.414:ERROR:connection_factory_impl.cc(434)] Failed to connect to MCS endpoint with error -106
May 06, 2024 17:12:45.43 [26672:32532:0506/171245.429:ERROR:connection_factory_impl.cc(434)] Failed to connect to MCS endpoint with error -106
May 06, 2024 17:22:45.44 [26672:32532:0506/172245.439:ERROR:connection_factory_impl.cc(434)] Failed to connect to MCS endpoint with error -106
May 06, 2024 17:32:45.44 [26672:32532:0506/173245.444:ERROR:connection_factory_impl.cc(434)] Failed to connect to MCS endpoint with error -106
May 06, 2024 17:42:45.45 [26672:32532:0506/174245.453:ERROR:connection_factory_impl.cc(434)] Failed to connect to MCS endpoint with error -106
May 06, 2024 17:52:45.46 [26672:32532:0506/175245.463:ERROR:connection_factory_impl.cc(434)] Failed to connect to MCS endpoint with error -106
May 06, 2024 18:02:45.48 [26672:32532:0506/180245.480:ERROR:connection_factory_impl.cc(434)] Failed to connect to MCS endpoint with error -106
May 06, 2024 18:12:45.49 [26672:32532:0506/181245.494:ERROR:connection_factory_impl.cc(434)] Failed to connect to MCS endpoint with error -106
May 06, 2024 18:28:35.76 [26672:32532:0506/182835.764:ERROR:connection_factory_impl.cc(434)] Failed to connect to MCS endpoint with error -106
May 06, 2024 18:35:03.54 [27488:12792:0506/183503.543:ERROR:connection_factory_impl.cc(434)] Failed to connect to MCS endpoint with error -106
May 06, 2024 18:35:04.22 Created TensorFlow Lite XNNPACK delegate for CPU.
May 06, 2024 18:35:27.03 [27488:12792:0506/183527.028:ERROR:connection_factory_impl.cc(434)] Failed to connect to MCS endpoint with error -106
May 06, 2024 18:36:11.37 [27488:12792:0506/183611.374:ERROR:connection_factory_impl.cc(434)] Failed to connect to MCS endpoint with error -106
May 06, 2024 18:38:07.35 [27488:12792:0506/183807.353:ERROR:connection_factory_impl.cc(434)] Failed to connect to MCS endpoint with error -106
May 06, 2024 18:41:09.77 [27488:12792:0506/184109.771:ERROR:connection_factory_impl.cc(434)] Failed to connect to MCS endpoint with error -106
May 06, 2024 18:48:49.35 [27488:12792:0506/184849.353:ERROR:connection_factory_impl.cc(434)] Failed to connect to MCS endpoint with error -106
May 06, 2024 18:58:49.36 [27488:12792:0506/185849.365:ERROR:connection_factory_impl.cc(434)] Failed to connect to MCS endpoint with error -106
May 06, 2024 19:08:49.38 [27488:12792:0506/190849.380:ERROR:connection_factory_impl.cc(434)] Failed to connect to MCS endpoint with error -106
May 06, 2024 19:18:49.39 [27488:12792:0506/191849.396:ERROR:connection_factory_impl.cc(434)] Failed to connect to MCS endpoint with error -106
May 06, 2024 19:28:57.50 [27488:12792:0506/192857.499:ERROR:connection_factory_impl.cc(434)] Failed to connect to MCS endpoint with error -106
May 06, 2024 19:38:36.03 [27488:12792:0506/193836.034:ERROR:connection_factory_impl.cc(434)] Failed to connect to MCS endpoint with error -105
May 06, 2024 19:39:29.41 Created TensorFlow Lite XNNPACK delegate for CPU.
May 06, 2024 20:03:34.68 [26596:20132:0506/200334.681:ERROR:connection_factory_impl.cc(483)] ConnectionHandler failed with net error: -2
May 06, 2024 20:03:59.65 [26596:20132:0506/200359.649:ERROR:connection_factory_impl.cc(434)] Failed to connect to MCS endpoint with error -105
May 06, 2024 21:28:32.65 [26596:20132:0506/212832.656:ERROR:connection_factory_impl.cc(434)] Failed to connect to MCS endpoint with error -106
May 06, 2024 21:29:25.62 [26596:20132:0506/212925.610:ERROR:connection_factory_impl.cc(434)] Failed to connect to MCS endpoint with error -106
May 06, 2024 21:31:05.59 [26596:20132:0506/213105.592:ERROR:connection_factory_impl.cc(434)] Failed to connect to MCS endpoint with error -106
May 06, 2024 21:34:58.69 [26596:20132:0506/213458.691:ERROR:connection_factory_impl.cc(434)] Failed to connect to MCS endpoint with error -106
May 06, 2024 22:57:22.64 [26596:20132:0506/225722.644:ERROR:connection_factory_impl.cc(434)] Failed to connect to MCS endpoint with error -106
May 07, 2024 02:57:22.70 [26596:20132:0507/025722.707:ERROR:connection_factory_impl.cc(434)] Failed to connect to MCS endpoint with error -106
May 07, 2024 02:57:22.72 [26596:17316:0507/025722.726:ERROR:get_updates_processor.cc(263)] PostClientToServerMessage() failed during GetUpdates with error Network error (ERR_INTERNET_DISCONNECTED)
May 07, 2024 06:50:45.11 [26596:20132:0507/065045.107:ERROR:connection_factory_impl.cc(434)] Failed to connect to MCS endpoint with error -106
May 07, 2024 06:50:45.24 [26596:26992:0507/065045.246:ERROR:get_updates_processor.cc(263)] PostClientToServerMessage() failed during GetUpdates with error Network error (ERR_INTERNET_DISCONNECTED)
May 07, 2024 06:51:16.71 [26596:18104:0507/065116.717:ERROR:account_info_fetcher.cc(62)] OnGetTokenFailure: Connection failed (-106).
May 07, 2024 06:57:19.04 [26596:22260:0507/065719.043:ERROR:get_updates_processor.cc(263)] PostClientToServerMessage() failed during GetUpdates with error Network error (ERR_INTERNET_DISCONNECTED)
May 07, 2024 06:58:04.05 [26596:22260:0507/065804.054:ERROR:get_updates_processor.cc(263)] PostClientToServerMessage() failed during GetUpdates with error Network error (ERR_INTERNET_DISCONNECTED)
May 07, 2024 06:59:56.57 [26596:22260:0507/065956.573:ERROR:get_updates_processor.cc(263)] PostClientToServerMessage() failed during GetUpdates with error Network error (ERR_INTERNET_DISCONNECTED)
May 07, 2024 07:00:45.11 [26596:20132:0507/070045.111:ERROR:connection_factory_impl.cc(434)] Failed to connect to MCS endpoint with error -106
May 07, 2024 07:02:45.34 [26596:22260:0507/070245.342:ERROR:get_updates_processor.cc(263)] PostClientToServerMessage() failed during GetUpdates with error Network error (ERR_INTERNET_DISCONNECTED)
May 07, 2024 07:27:02.42 [26596:20132:0507/072702.418:ERROR:connection_factory_impl.cc(434)] Failed to connect to MCS endpoint with error -106
May 07, 2024 07:27:02.42 [26596:26992:0507/072702.419:ERROR:get_updates_processor.cc(263)] PostClientToServerMessage() failed during GetUpdates with error Network error (ERR_INTERNET_DISCONNECTED)
May 07, 2024 07:37:02.44 [26596:20132:0507/073702.436:ERROR:connection_factory_impl.cc(434)] Failed to connect to MCS endpoint with error -106
May 07, 2024 07:47:02.45 [26596:20132:0507/074702.451:ERROR:connection_factory_impl.cc(434)] Failed to connect to MCS endpoint with error -106
May 07, 2024 07:47:02.47 [26596:22260:0507/074702.475:ERROR:get_updates_processor.cc(263)] PostClientToServerMessage() failed during GetUpdates with error Network error (ERR_INTERNET_DISCONNECTED)
May 07, 2024 07:47:47.49 [26596:22260:0507/074747.486:ERROR:get_updates_processor.cc(263)] PostClientToServerMessage() failed during GetUpdates with error Network error (ERR_INTERNET_DISCONNECTED)
May 07, 2024 07:48:47.25 [26596:20132:0507/074847.250:ERROR:connection_factory_impl.cc(434)] Failed to connect to MCS endpoint with error -105

May 07, 2024 14:48:40.32 NEW SESSION
May 07, 2024 14:48:40.32 Created TensorFlow Lite XNNPACK delegate for CPU.
May 07, 2024 14:55:35.42 Created TensorFlow Lite XNNPACK delegate for CPU.
May 07, 2024 15:04:57.51 [16632:16688:0507/150457.517:ERROR:connection_factory_impl.cc(483)] ConnectionHandler failed with net error: -2
May 07, 2024 15:16:17.54 Created TensorFlow Lite XNNPACK delegate for CPU.
May 07, 2024 15:16:26.53 [19268:23400:0507/151626.531:ERROR:connection_factory_impl.cc(434)] Failed to connect to MCS endpoint with error -105
May 07, 2024 15:58:16.50 [19268:4584:0507/155816.506:ERROR:interface_endpoint_client.cc(707)] Message 0 rejected by interface blink.mojom.WidgetHost
May 07, 2024 15:58:43.85 [19268:23400:0507/155843.855:ERROR:connection_factory_impl.cc(483)] ConnectionHandler failed with net error: -2
May 07, 2024 16:24:50.98 [19268:23400:0507/162450.983:ERROR:connection_factory_impl.cc(434)] Failed to connect to MCS endpoint with error -7

May 07, 2024 16:35:03.87 NEW SESSION
May 07, 2024 16:35:03.87 Created TensorFlow Lite XNNPACK delegate for CPU.
May 07, 2024 16:59:27.47 [23268:3244:0507/165927.473:ERROR:connection_factory_impl.cc(483)] ConnectionHandler failed with net error: -2
May 07, 2024 17:00:00.92 [23268:3244:0507/170000.920:ERROR:connection_factory_impl.cc(483)] ConnectionHandler failed with net error: -2
May 07, 2024 17:32:33.62 [23268:3244:0507/173233.623:ERROR:connection_factory_impl.cc(434)] Failed to connect to MCS endpoint with error -106
May 07, 2024 17:49:28.76 [23268:3244:0507/174928.766:ERROR:connection_factory_impl.cc(483)] ConnectionHandler failed with net error: -2

May 07, 2024 21:59:34.09 NEW SESSION
May 07, 2024 21:59:34.09 [8424:17220:0507/215934.093:ERROR:connection_factory_impl.cc(434)] Failed to connect to MCS endpoint with error -106
May 07, 2024 21:59:35.38 Created TensorFlow Lite XNNPACK delegate for CPU.
May 07, 2024 22:00:00.90 [8424:17220:0507/220000.899:ERROR:connection_factory_impl.cc(434)] Failed to connect to MCS endpoint with error -106
May 07, 2024 22:00:45.94 [8424:17220:0507/220045.942:ERROR:connection_factory_impl.cc(434)] Failed to connect to MCS endpoint with error -106
May 07, 2024 22:02:28.75 [8424:17220:0507/220228.755:ERROR:connection_factory_impl.cc(434)] Failed to connect to MCS endpoint with error -106
May 07, 2024 22:05:54.88 [8424:17220:0507/220554.885:ERROR:connection_factory_impl.cc(434)] Failed to connect to MCS endpoint with error -106
May 07, 2024 22:12:16.62 [8424:17220:0507/221216.624:ERROR:connection_factory_impl.cc(434)] Failed to connect to MCS endpoint with error -106
May 07, 2024 22:22:16.64 [8424:17220:0507/222216.641:ERROR:connection_factory_impl.cc(434)] Failed to connect to MCS endpoint with error -106
May 07, 2024 22:32:16.64 [8424:17220:0507/223216.646:ERROR:connection_factory_impl.cc(434)] Failed to connect to MCS endpoint with error -106
May 07, 2024 22:42:16.65 [8424:17220:0507/224216.655:ERROR:connection_factory_impl.cc(434)] Failed to connect to MCS endpoint with error -106
May 07, 2024 22:52:16.67 [8424:17220:0507/225216.668:ERROR:connection_factory_impl.cc(434)] Failed to connect to MCS endpoint with error -106
May 07, 2024 23:02:16.69 [8424:17220:0507/230216.693:ERROR:connection_factory_impl.cc(434)] Failed to connect to MCS endpoint with error -106
May 07, 2024 23:12:16.69 [8424:17220:0507/231216.698:ERROR:connection_factory_impl.cc(434)] Failed to connect to MCS endpoint with error -106
May 07, 2024 23:22:16.71 [8424:17220:0507/232216.715:ERROR:connection_factory_impl.cc(434)] Failed to connect to MCS endpoint with error -106
May 07, 2024 23:32:16.72 [8424:17220:0507/233216.726:ERROR:connection_factory_impl.cc(434)] Failed to connect to MCS endpoint with error -106
May 07, 2024 23:42:16.74 [8424:17220:0507/234216.738:ERROR:connection_factory_impl.cc(434)] Failed to connect to MCS endpoint with error -106
May 07, 2024 23:52:16.75 [8424:17220:0507/235216.755:ERROR:connection_factory_impl.cc(434)] Failed to connect to MCS endpoint with error -106
May 08, 2024 24:02:16.76 [8424:17220:0508/000216.769:ERROR:connection_factory_impl.cc(434)] Failed to connect to MCS endpoint with error -106
May 08, 2024 24:12:16.77 [8424:17220:0508/001216.771:ERROR:connection_factory_impl.cc(434)] Failed to connect to MCS endpoint with error -106
May 08, 2024 24:22:16.78 [8424:17220:0508/002216.782:ERROR:connection_factory_impl.cc(434)] Failed to connect to MCS endpoint with error -106
May 08, 2024 24:32:16.78 [8424:17220:0508/003216.786:ERROR:connection_factory_impl.cc(434)] Failed to connect to MCS endpoint with error -106
May 08, 2024 01:03:38.25 [8424:17220:0508/010338.257:ERROR:connection_factory_impl.cc(483)] ConnectionHandler failed with net error: -2
May 08, 2024 01:13:15.58 [8424:17220:0508/011315.588:ERROR:connection_factory_impl.cc(434)] Failed to connect to MCS endpoint with error -106
May 08, 2024 01:13:45.81 [8424:17220:0508/011345.813:ERROR:connection_factory_impl.cc(434)] Failed to connect to MCS endpoint with error -106
May 08, 2024 01:14:46.76 [8424:17220:0508/011446.762:ERROR:connection_factory_impl.cc(434)] Failed to connect to MCS endpoint with error -106
May 08, 2024 01:16:48.09 [8424:17220:0508/011648.091:ERROR:connection_factory_impl.cc(434)] Failed to connect to MCS endpoint with error -106
May 08, 2024 01:20:04.54 [8424:17220:0508/012004.542:ERROR:connection_factory_impl.cc(434)] Failed to connect to MCS endpoint with error -106
May 08, 2024 01:27:06.64 [8424:17220:0508/012706.647:ERROR:connection_factory_impl.cc(434)] Failed to connect to MCS endpoint with error -106

May 08, 2024 17:27:47.33 NEW SESSION
May 08, 2024 17:27:47.33 Created TensorFlow Lite XNNPACK delegate for CPU.

May 08, 2024 21:26:00.52 NEW SESSION
May 08, 2024 21:26:00.52 [3076:16604:0508/212600.524:ERROR:connection_factory_impl.cc(434)] Failed to connect to MCS endpoint with error -106
May 08, 2024 21:26:00.95 Created TensorFlow Lite XNNPACK delegate for CPU.
May 08, 2024 21:26:24.61 [3076:16604:0508/212624.616:ERROR:connection_factory_impl.cc(434)] Failed to connect to MCS endpoint with error -106
May 08, 2024 21:27:23.58 [3076:16604:0508/212723.587:ERROR:connection_factory_impl.cc(434)] Failed to connect to MCS endpoint with error -106
May 08, 2024 21:29:12.45 [3076:16604:0508/212912.457:ERROR:connection_factory_impl.cc(434)] Failed to connect to MCS endpoint with error -106
May 08, 2024 22:06:30.00 [3076:16604:0508/220630.007:ERROR:connection_factory_impl.cc(434)] Failed to connect to MCS endpoint with error -106
May 08, 2024 22:39:05.02 Created TensorFlow Lite XNNPACK delegate for CPU.
May 08, 2024 22:49:37.19 Created TensorFlow Lite XNNPACK delegate for CPU.
May 08, 2024 22:56:34.12 [23624:15840:0508/225634.120:ERROR:connection_factory_impl.cc(483)] ConnectionHandler failed with net error: -2
May 08, 2024 23:43:25.65 [23624:15840:0508/234325.653:ERROR:connection_factory_impl.cc(483)] ConnectionHandler failed with net error: -2
May 08, 2024 23:45:46.13 [23624:15840:0508/234546.132:ERROR:connection_factory_impl.cc(483)] ConnectionHandler failed with net error: -2

May 09, 2024 11:42:11.19 NEW SESSION
May 09, 2024 11:42:11.19 [18156:4908:0509/114211.193:ERROR:connection_factory_impl.cc(434)] Failed to connect to MCS endpoint with error -106
May 09, 2024 11:42:12.37 Created TensorFlow Lite XNNPACK delegate for CPU.
May 09, 2024 11:42:38.04 [18156:4908:0509/114238.046:ERROR:connection_factory_impl.cc(434)] Failed to connect to MCS endpoint with error -106
May 09, 2024 11:45:17.17 [18156:4908:0509/114517.177:ERROR:connection_factory_impl.cc(434)] Failed to connect to MCS endpoint with error -106
May 09, 2024 11:46:46.88 [18156:4908:0509/114646.883:ERROR:connection_factory_impl.cc(434)] Failed to connect to MCS endpoint with error -106
May 09, 2024 12:31:37.10 [18156:4908:0509/123137.099:ERROR:connection_factory_impl.cc(434)] Failed to connect to MCS endpoint with error -106
May 09, 2024 12:31:39.15 [18156:4908:0509/123139.155:ERROR:connection_factory_impl.cc(434)] Failed to connect to MCS endpoint with error -106
May 09, 2024 16:17:27.62 Created TensorFlow Lite XNNPACK delegate for CPU.
May 09, 2024 16:17:29.95 [3444:3096:0509/161729.954:ERROR:connection_factory_impl.cc(434)] Failed to connect to MCS endpoint with error -105
May 09, 2024 16:33:47.26 Created TensorFlow Lite XNNPACK delegate for CPU.
May 09, 2024 16:34:42.39 [13160:9192:0509/163442.395:ERROR:connection_factory_impl.cc(483)] ConnectionHandler failed with net error: -2
May 09, 2024 16:43:18.73 [13160:9192:0509/164318.734:ERROR:connection_factory_impl.cc(483)] ConnectionHandler failed with net error: -2
May 09, 2024 16:43:43.49 [13160:9192:0509/164343.492:ERROR:connection_factory_impl.cc(483)] ConnectionHandler failed with net error: -2

May 09, 2024 23:27:02.98 NEW SESSION
May 09, 2024 23:27:02.99 Created TensorFlow Lite XNNPACK delegate for CPU.
May 09, 2024 23:48:04.89 [19904:16676:0509/234804.894:ERROR:connection_factory_impl.cc(483)] ConnectionHandler failed with net error: -2
May 10, 2024 01:15:40.35 [19904:16676:0510/011540.352:ERROR:connection_factory_impl.cc(434)] Failed to connect to MCS endpoint with error -106
May 10, 2024 01:15:40.54 [19904:23816:0510/011540.547:ERROR:get_updates_processor.cc(263)] PostClientToServerMessage() failed during GetUpdates with error Network error (ERR_NETWORK_IO_SUSPENDED)
May 10, 2024 01:15:43.06 [19904:16676:0510/011543.059:ERROR:connection_factory_impl.cc(434)] Failed to connect to MCS endpoint with error -106
May 10, 2024 01:16:25.57 [19904:12420:0510/011625.569:ERROR:get_updates_processor.cc(263)] PostClientToServerMessage() failed during GetUpdates with error Network error (ERR_INTERNET_DISCONNECTED)
May 10, 2024 01:16:28.84 [19904:16676:0510/011628.842:ERROR:connection_factory_impl.cc(434)] Failed to connect to MCS endpoint with error -106
May 10, 2024 01:17:33.08 [19904:12420:0510/011733.082:ERROR:get_updates_processor.cc(263)] PostClientToServerMessage() failed during GetUpdates with error Network error (ERR_INTERNET_DISCONNECTED)
May 10, 2024 01:18:11.43 [19904:16676:0510/011811.437:ERROR:connection_factory_impl.cc(434)] Failed to connect to MCS endpoint with error -106
May 10, 2024 01:19:14.35 [19904:12420:0510/011914.351:ERROR:get_updates_processor.cc(263)] PostClientToServerMessage() failed during GetUpdates with error Network error (ERR_INTERNET_DISCONNECTED)
May 10, 2024 01:21:28.58 [19904:16676:0510/012128.583:ERROR:connection_factory_impl.cc(434)] Failed to connect to MCS endpoint with error -106
May 10, 2024 01:23:27.49 [19904:12420:0510/012327.495:ERROR:get_updates_processor.cc(263)] PostClientToServerMessage() failed during GetUpdates with error Network error (ERR_INTERNET_DISCONNECTED)
May 10, 2024 01:28:12.17 [19904:16676:0510/012812.171:ERROR:connection_factory_impl.cc(434)] Failed to connect to MCS endpoint with error -106
May 10, 2024 01:33:27.51 [19904:12420:0510/013327.516:ERROR:get_updates_processor.cc(263)] PostClientToServerMessage() failed during GetUpdates with error Network error (ERR_INTERNET_DISCONNECTED)
May 10, 2024 01:34:20.54 [17820:2620:0510/013420.545:ERROR:connection_factory_impl.cc(434)] Failed to connect to MCS endpoint with error -106
May 10, 2024 01:34:21.12 Created TensorFlow Lite XNNPACK delegate for CPU.
May 10, 2024 01:34:45.55 [17820:2620:0510/013445.552:ERROR:connection_factory_impl.cc(434)] Failed to connect to MCS endpoint with error -106

May 10, 2024 11:39:21.44 NEW SESSION
May 10, 2024 11:39:21.44 [2232:17168:0510/113921.441:ERROR:connection_factory_impl.cc(434)] Failed to connect to MCS endpoint with error -106
May 10, 2024 11:39:22.24 Created TensorFlow Lite XNNPACK delegate for CPU.
May 10, 2024 11:39:49.06 [2232:17168:0510/113949.065:ERROR:connection_factory_impl.cc(434)] Failed to connect to MCS endpoint with error -106
May 10, 2024 11:40:29.70 [2232:17168:0510/114029.706:ERROR:connection_factory_impl.cc(434)] Failed to connect to MCS endpoint with error -106
May 10, 2024 11:42:16.18 [2232:17168:0510/114216.183:ERROR:connection_factory_impl.cc(434)] Failed to connect to MCS endpoint with error -106
May 10, 2024 11:45:24.27 [2232:17168:0510/114524.278:ERROR:connection_factory_impl.cc(434)] Failed to connect to MCS endpoint with error -106
May 10, 2024 11:51:42.39 [2232:17168:0510/115142.393:ERROR:connection_factory_impl.cc(434)] Failed to connect to MCS endpoint with error -106

May 10, 2024 12:40:25.54 NEW SESSION
May 10, 2024 12:40:25.54 [20712:18752:0510/124025.540:ERROR:connection_factory_impl.cc(434)] Failed to connect to MCS endpoint with error -106
May 10, 2024 12:40:26.34 Created TensorFlow Lite XNNPACK delegate for CPU.
May 10, 2024 12:42:12.25 [20712:18752:0510/124212.253:ERROR:connection_factory_impl.cc(434)] Failed to connect to MCS endpoint with error -106
May 10, 2024 12:43:09.18 [20712:18752:0510/124309.182:ERROR:connection_factory_impl.cc(434)] Failed to connect to MCS endpoint with error -106
May 10, 2024 12:44:43.34 [20712:18752:0510/124443.343:ERROR:connection_factory_impl.cc(434)] Failed to connect to MCS endpoint with error -106
May 10, 2024 12:47:44.79 [20712:18752:0510/124744.795:ERROR:connection_factory_impl.cc(434)] Failed to connect to MCS endpoint with error -106
May 10, 2024 12:55:29.03 [20712:18752:0510/125529.031:ERROR:connection_factory_impl.cc(434)] Failed to connect to MCS endpoint with error -106
May 10, 2024 13:31:33.70 [20712:18752:0510/133133.698:ERROR:connection_factory_impl.cc(434)] Failed to connect to MCS endpoint with error -106
May 10, 2024 13:41:33.75 [20712:18752:0510/134133.748:ERROR:connection_factory_impl.cc(434)] Failed to connect to MCS endpoint with error -106
May 10, 2024 15:38:03.79 [20712:18752:0510/153803.795:ERROR:connection_factory_impl.cc(434)] Failed to connect to MCS endpoint with error -106

May 11, 2024 13:07:10.95 NEW SESSION
May 11, 2024 13:07:10.95 Created TensorFlow Lite XNNPACK delegate for CPU.
May 11, 2024 13:51:15.30 Created TensorFlow Lite XNNPACK delegate for CPU.
May 11, 2024 14:29:21.09 Created TensorFlow Lite XNNPACK delegate for CPU.
May 11, 2024 15:01:28.45 [24564:20048:0511/150128.449:ERROR:interface_endpoint_client.cc(707)] Message 0 rejected by interface blink.mojom.WidgetHost
May 11, 2024 15:01:29.92 [24564:16884:0511/150129.923:ERROR:connection_factory_impl.cc(483)] ConnectionHandler failed with net error: -2
May 11, 2024 15:43:45.45 Created TensorFlow Lite XNNPACK delegate for CPU.
May 11, 2024 15:48:20.44 [12436:12308:0511/154820.441:ERROR:connection_factory_impl.cc(483)] ConnectionHandler failed with net error: -2
May 11, 2024 15:48:25.74 [12436:12308:0511/154825.747:ERROR:connection_factory_impl.cc(483)] ConnectionHandler failed with net error: -2
May 11, 2024 16:09:31.21 [12436:12308:0511/160931.218:ERROR:connection_factory_impl.cc(434)] Failed to connect to MCS endpoint with error -106
May 11, 2024 16:10:25.96 [12436:12308:0511/161025.965:ERROR:connection_factory_impl.cc(434)] Failed to connect to MCS endpoint with error -106

May 13, 2024 16:50:32.42 NEW SESSION
May 13, 2024 16:50:32.42 [15016:7612:0513/165032.419:ERROR:connection_factory_impl.cc(434)] Failed to connect to MCS endpoint with error -106
May 13, 2024 16:50:33.59 Created TensorFlow Lite XNNPACK delegate for CPU.
May 13, 2024 16:51:02.27 [15016:7612:0513/165102.271:ERROR:connection_factory_impl.cc(434)] Failed to connect to MCS endpoint with error -106
May 13, 2024 16:51:03.59 [15016:11324:0513/165103.591:ERROR:account_info_fetcher.cc(62)] OnGetTokenFailure: Connection failed (-106).
May 13, 2024 16:51:57.90 [15016:7612:0513/165157.906:ERROR:connection_factory_impl.cc(434)] Failed to connect to MCS endpoint with error -106
May 13, 2024 16:53:25.48 [15016:7612:0513/165325.480:ERROR:connection_factory_impl.cc(434)] Failed to connect to MCS endpoint with error -106
May 13, 2024 16:56:58.62 [15016:7612:0513/165658.627:ERROR:connection_factory_impl.cc(434)] Failed to connect to MCS endpoint with error -106

May 14, 2024 11:31:41.74 NEW SESSION
May 14, 2024 11:31:41.74 Created TensorFlow Lite XNNPACK delegate for CPU.
May 14, 2024 11:42:54.10 [14672:19316:0514/114254.106:ERROR:connection_factory_impl.cc(483)] ConnectionHandler failed with net error: -2
May 14, 2024 11:46:56.59 [14672:19316:0514/114656.598:ERROR:connection_factory_impl.cc(434)] Failed to connect to MCS endpoint with error -105
May 14, 2024 11:47:13.86 [14672:19316:0514/114713.859:ERROR:connection_factory_impl.cc(434)] Failed to connect to MCS endpoint with error -105
May 14, 2024 11:49:08.23 [14672:19316:0514/114908.235:ERROR:connection_factory_impl.cc(483)] ConnectionHandler failed with net error: -2
May 14, 2024 12:41:31.49 [14672:19316:0514/124131.498:ERROR:connection_factory_impl.cc(434)] Failed to connect to MCS endpoint with error -105
May 14, 2024 13:30:16.33 [14672:19316:0514/133016.335:ERROR:connection_factory_impl.cc(434)] Failed to connect to MCS endpoint with error -105

May 14, 2024 14:16:47.29 NEW SESSION
May 14, 2024 14:16:47.30 Created TensorFlow Lite XNNPACK delegate for CPU.

May 14, 2024 23:14:35.78 NEW SESSION
May 14, 2024 23:14:35.78 Created TensorFlow Lite XNNPACK delegate for CPU.

May 16, 2024 13:48:09.40 NEW SESSION
May 16, 2024 13:48:09.40 [4084:8220:0516/134809.399:ERROR:connection_factory_impl.cc(434)] Failed to connect to MCS endpoint with error -106
May 16, 2024 13:48:10.49 Created TensorFlow Lite XNNPACK delegate for CPU.
May 16, 2024 13:48:33.66 [4084:8220:0516/134833.663:ERROR:connection_factory_impl.cc(434)] Failed to connect to MCS endpoint with error -106
May 16, 2024 13:49:24.32 [4084:8220:0516/134924.324:ERROR:connection_factory_impl.cc(434)] Failed to connect to MCS endpoint with error -106
May 16, 2024 13:50:59.61 [4084:8220:0516/135059.618:ERROR:connection_factory_impl.cc(434)] Failed to connect to MCS endpoint with error -106
May 16, 2024 13:54:23.96 [4084:8220:0516/135423.965:ERROR:connection_factory_impl.cc(434)] Failed to connect to MCS endpoint with error -106
May 16, 2024 14:27:08.36 [4084:8220:0516/142708.358:ERROR:connection_factory_impl.cc(434)] Failed to connect to MCS endpoint with error -106
May 16, 2024 14:27:30.68 [4084:8220:0516/142730.688:ERROR:connection_factory_impl.cc(434)] Failed to connect to MCS endpoint with error -106
May 16, 2024 14:28:22.31 [4084:8220:0516/142822.317:ERROR:connection_factory_impl.cc(434)] Failed to connect to MCS endpoint with error -106
May 16, 2024 14:51:13.41 [4084:8220:0516/145113.410:ERROR:connection_factory_impl.cc(483)] ConnectionHandler failed with net error: -2
May 16, 2024 14:54:53.26 [4084:8220:0516/145453.259:ERROR:connection_factory_impl.cc(483)] ConnectionHandler failed with net error: -2
May 16, 2024 15:01:05.20 [4084:8220:0516/150105.206:ERROR:connection_factory_impl.cc(434)] Failed to connect to MCS endpoint with error -7
May 16, 2024 16:35:21.73 [4084:8220:0516/163521.730:ERROR:connection_factory_impl.cc(434)] Failed to connect to MCS endpoint with error -105

May 21, 2024 24:49:18.21 NEW SESSION
May 21, 2024 24:49:18.21 Created TensorFlow Lite XNNPACK delegate for CPU.
May 21, 2024 24:57:17.85 Created TensorFlow Lite XNNPACK delegate for CPU.

Jun 04, 2024 18:10:41.85 NEW SESSION
Jun 04, 2024 18:10:41.85 Created TensorFlow Lite XNNPACK delegate for CPU.
Jun 04, 2024 18:17:14.67 [23240:20804:0604/181714.670:ERROR:connection_factory_impl.cc(483)] ConnectionHandler failed with net error: -2

Jun 17, 2024 14:12:34.02 NEW SESSION
Jun 17, 2024 14:12:34.02 Created TensorFlow Lite XNNPACK delegate for CPU.
Jun 17, 2024 14:12:56.76 [15240:15688:0617/141256.762:ERROR:connection_factory_impl.cc(483)] ConnectionHandler failed with net error: -2
Jun 17, 2024 14:15:36.14 [15240:15688:0617/141536.146:ERROR:connection_factory_impl.cc(434)] Failed to connect to MCS endpoint with error -105
Jun 17, 2024 14:15:44.14 [15240:15688:0617/141544.141:ERROR:connection_factory_impl.cc(434)] Failed to connect to MCS endpoint with error -106
Jun 17, 2024 14:15:53.17 [15240:26284:0617/141553.178:ERROR:device_event_log_impl.cc(195)] [14:15:53.168] USB: usb_service_win.cc:105 SetupDiGetDeviceProperty({{A45C254E-DF1C-4EFD-8020-67D146A850E0}, 6}) failed: Element not found. (0x490)
Jun 17, 2024 15:30:10.16 [15240:15688:0617/153010.161:ERROR:connection_factory_impl.cc(483)] ConnectionHandler failed with net error: -2
Jun 17, 2024 15:41:52.62 [15240:15688:0617/154152.622:ERROR:connection_factory_impl.cc(434)] Failed to connect to MCS endpoint with error -7
Jun 17, 2024 15:46:31.26 [15240:15688:0617/154631.260:ERROR:connection_factory_impl.cc(483)] ConnectionHandler failed with net error: -2
Jun 17, 2024 16:11:11.87 [15240:15688:0617/161111.875:ERROR:connection_factory_impl.cc(483)] ConnectionHandler failed with net error: -2
Jun 17, 2024 17:17:38.20 [15240:15688:0617/171738.203:ERROR:connection_factory_impl.cc(483)] ConnectionHandler failed with net error: -2
Jun 17, 2024 17:35:19.73 [15240:15688:0617/173519.738:ERROR:connection_factory_impl.cc(483)] ConnectionHandler failed with net error: -2
Jun 17, 2024 17:58:10.22 [15240:16860:0617/175810.226:ERROR:get_updates_processor.cc(263)] PostClientToServerMessage() failed during GetUpdates with error Network error (ERR_NETWORK_IO_SUSPENDED)

Jun 18, 2024 12:39:27.20 NEW SESSION
Jun 18, 2024 12:39:27.20 Created TensorFlow Lite XNNPACK delegate for CPU.
Jun 18, 2024 13:50:12.25 [18556:23272:0618/135012.252:ERROR:account_info_fetcher.cc(62)] OnGetTokenFailure: Connection failed (-106).
Jun 18, 2024 16:08:16.57 [18556:23272:0618/160816.573:ERROR:interface_endpoint_client.cc(722)] Message 0 rejected by interface blink.mojom.WidgetHost

Jun 19, 2024 12:35:31.20 NEW SESSION
Jun 19, 2024 12:35:31.20 Created TensorFlow Lite XNNPACK delegate for CPU.
Jun 19, 2024 12:35:45.42 [21256:11012:0619/123545.425:ERROR:connection_factory_impl.cc(434)] Failed to connect to MCS endpoint with error -105
Jun 19, 2024 12:36:14.07 [21256:11012:0619/123614.076:ERROR:connection_factory_impl.cc(434)] Failed to connect to MCS endpoint with error -105
Jun 19, 2024 12:38:09.02 [21256:11012:0619/123809.025:ERROR:connection_factory_impl.cc(483)] ConnectionHandler failed with net error: -2

Jun 22, 2024 13:42:53.88 NEW SESSION
Jun 22, 2024 13:42:53.88 Created TensorFlow Lite XNNPACK delegate for CPU.
Jun 22, 2024 14:43:34.43 [22836:26496:0622/144334.426:ERROR:connection_factory_impl.cc(483)] ConnectionHandler failed with net error: -2
Jun 22, 2024 15:09:01.17 [22836:26496:0622/150901.171:ERROR:connection_factory_impl.cc(434)] Failed to connect to MCS endpoint with error -7
Jun 22, 2024 15:35:30.67 [22836:26496:0622/151720.087:ERROR:connection_factory_impl.cc(483)] ConnectionHandler failed with net error: -2
Jun 22, 2024 15:51:13.50 Created TensorFlow Lite XNNPACK delegate for CPU.
Jun 22, 2024 16:02:53.56 Created TensorFlow Lite XNNPACK delegate for CPU.
Jun 22, 2024 16:23:03.97 [7956:16820:0622/162303.972:ERROR:account_info_fetcher.cc(62)] OnGetTokenFailure: Connection failed (-106).
Jun 22, 2024 16:25:27.87 [7956:17100:0622/162527.875:ERROR:connection_factory_impl.cc(434)] Failed to connect to MCS endpoint with error -105

Jun 25, 2024 17:55:15.17 NEW SESSION
Jun 25, 2024 17:55:15.17 Created TensorFlow Lite XNNPACK delegate for CPU.

Jun 27, 2024 12:11:14.34 NEW SESSION
Jun 27, 2024 12:11:14.34 Created TensorFlow Lite XNNPACK delegate for CPU.
Jun 27, 2024 12:29:13.55 [9972:16412:0627/122913.549:ERROR:connection_factory_impl.cc(434)] Failed to connect to MCS endpoint with error -105
Jun 27, 2024 12:29:13.55 [9972:16412:0627/122913.551:ERROR:connection_factory_impl.cc(434)] Failed to connect to MCS endpoint with error -105
Jun 27, 2024 12:45:54.82 Created TensorFlow Lite XNNPACK delegate for CPU.
Jun 27, 2024 12:56:41.88 [12228:18980:0627/125641.877:ERROR:connection_factory_impl.cc(483)] ConnectionHandler failed with net error: -2
Jun 27, 2024 13:34:06.47 [12228:18980:0627/133406.478:ERROR:connection_factory_impl.cc(483)] ConnectionHandler failed with net error: -2

Jul 01, 2024 16:37:48.78 NEW SESSION
Jul 01, 2024 16:37:48.78 Created TensorFlow Lite XNNPACK delegate for CPU.
Jul 01, 2024 16:41:31.37 Created TensorFlow Lite XNNPACK delegate for CPU.

Jul 02, 2024 14:31:30.09 NEW SESSION
Jul 02, 2024 14:31:30.09 Created TensorFlow Lite XNNPACK delegate for CPU.
Jul 02, 2024 14:52:49.39 [4056:1776:0702/145249.393:ERROR:connection_factory_impl.cc(483)] ConnectionHandler failed with net error: -2
Jul 02, 2024 14:59:27.03 [4056:1776:0702/145927.035:ERROR:connection_factory_impl.cc(434)] Failed to connect to MCS endpoint with error -7
Jul 02, 2024 15:13:53.07 [4056:1776:0702/151353.070:ERROR:connection_factory_impl.cc(483)] ConnectionHandler failed with net error: -2
Jul 02, 2024 15:28:11.37 [4056:1776:0702/152811.371:ERROR:connection_factory_impl.cc(434)] Failed to connect to MCS endpoint with error -105
Jul 02, 2024 22:41:09.19 [4056:14116:0702/224109.196:ERROR:get_updates_processor.cc(263)] PostClientToServerMessage() failed during GetUpdates with error Network error (ERR_TIMED_OUT)
Jul 02, 2024 22:41:10.87 [4056:1776:0702/224110.877:ERROR:connection_factory_impl.cc(434)] Failed to connect to MCS endpoint with error -106
Jul 02, 2024 22:59:32.53 [4056:1776:0702/225932.537:ERROR:connection_factory_impl.cc(483)] ConnectionHandler failed with net error: -2
Jul 02, 2024 23:31:09.14 [4056:19824:0702/233109.137:ERROR:interface_endpoint_client.cc(722)] Message 0 rejected by interface blink.mojom.WidgetHost
Jul 02, 2024 23:46:17.79 [4056:19824:0702/234617.789:ERROR:page_load_metrics_update_dispatcher.cc(179)] Invalid first_paint 0.447 s for first_image_paint 0.43 s
Jul 02, 2024 23:46:18.06 [4056:19824:0702/234618.064:ERROR:page_load_metrics_update_dispatcher.cc(179)] Invalid first_paint 0.447 s for first_image_paint 0.43 s
Jul 02, 2024 23:46:18.38 [4056:19824:0702/234618.381:ERROR:page_load_metrics_update_dispatcher.cc(179)] Invalid first_paint 0.447 s for first_image_paint 0.43 s
Jul 02, 2024 23:46:19.13 [4056:19824:0702/234619.132:ERROR:page_load_metrics_update_dispatcher.cc(179)] Invalid first_paint 0.447 s for first_image_paint 0.43 s
Jul 02, 2024 23:46:21.10 [4056:19824:0702/234621.101:ERROR:page_load_metrics_update_dispatcher.cc(179)] Invalid first_paint 0.447 s for first_image_paint 0.43 s
Jul 02, 2024 23:46:21.44 [4056:19824:0702/234621.448:ERROR:page_load_metrics_update_dispatcher.cc(179)] Invalid first_paint 0.447 s for first_image_paint 0.43 s
Jul 02, 2024 23:46:33.59 [4056:19824:0702/234633.597:ERROR:page_load_metrics_update_dispatcher.cc(179)] Invalid first_paint 0.447 s for first_image_paint 0.43 s
Jul 02, 2024 23:46:33.75 [4056:19824:0702/234633.750:ERROR:page_load_metrics_update_dispatcher.cc(179)] Invalid first_paint 0.447 s for first_image_paint 0.43 s
Jul 02, 2024 23:50:24.77 [4056:19824:0702/235024.773:ERROR:page_load_metrics_update_dispatcher.cc(179)] Invalid first_paint 1.046 s for first_image_paint 1.03 s
Jul 02, 2024 23:50:25.04 [4056:19824:0702/235025.038:ERROR:page_load_metrics_update_dispatcher.cc(179)] Invalid first_paint 1.046 s for first_image_paint 1.03 s
Jul 02, 2024 23:50:25.20 [4056:19824:0702/235025.206:ERROR:page_load_metrics_update_dispatcher.cc(179)] Invalid first_paint 1.046 s for first_image_paint 1.03 s
Jul 02, 2024 23:50:25.62 [4056:19824:0702/235025.623:ERROR:page_load_metrics_update_dispatcher.cc(179)] Invalid first_paint 1.046 s for first_image_paint 1.03 s
Jul 02, 2024 23:50:25.81 [4056:19824:0702/235025.819:ERROR:page_load_metrics_update_dispatcher.cc(179)] Invalid first_paint 1.046 s for first_image_paint 1.03 s
Jul 02, 2024 23:50:26.23 [4056:19824:0702/235026.233:ERROR:page_load_metrics_update_dispatcher.cc(179)] Invalid first_paint 1.046 s for first_image_paint 1.03 s
Jul 02, 2024 23:50:26.34 [4056:19824:0702/235026.341:ERROR:page_load_metrics_update_dispatcher.cc(179)] Invalid first_paint 1.046 s for first_image_paint 1.03 s
Jul 02, 2024 23:50:26.46 [4056:19824:0702/235026.461:ERROR:page_load_metrics_update_dispatcher.cc(179)] Invalid first_paint 1.046 s for first_image_paint 1.03 s
Jul 02, 2024 23:50:26.74 [4056:19824:0702/235026.742:ERROR:page_load_metrics_update_dispatcher.cc(179)] Invalid first_paint 1.046 s for first_image_paint 1.03 s
Jul 02, 2024 23:50:28.07 [4056:19824:0702/235028.070:ERROR:page_load_metrics_update_dispatcher.cc(179)] Invalid first_paint 1.046 s for first_image_paint 1.03 s
Jul 02, 2024 23:50:28.17 [4056:19824:0702/235028.176:ERROR:page_load_metrics_update_dispatcher.cc(179)] Invalid first_paint 1.046 s for first_image_paint 1.03 s
Jul 02, 2024 23:50:28.28 [4056:19824:0702/235028.286:ERROR:page_load_metrics_update_dispatcher.cc(179)] Invalid first_paint 1.046 s for first_image_paint 1.03 s
Jul 02, 2024 23:50:28.39 [4056:19824:0702/235028.390:ERROR:page_load_metrics_update_dispatcher.cc(179)] Invalid first_paint 1.046 s for first_image_paint 1.03 s
Jul 02, 2024 23:50:28.50 [4056:19824:0702/235028.507:ERROR:page_load_metrics_update_dispatcher.cc(179)] Invalid first_paint 1.046 s for first_image_paint 1.03 s
Jul 02, 2024 23:50:28.61 [4056:19824:0702/235028.615:ERROR:page_load_metrics_update_dispatcher.cc(179)] Invalid first_paint 1.046 s for first_image_paint 1.03 s
Jul 02, 2024 23:50:29.04 [4056:19824:0702/235029.040:ERROR:page_load_metrics_update_dispatcher.cc(179)] Invalid first_paint 1.046 s for first_image_paint 1.03 s
Jul 02, 2024 23:50:29.14 [4056:19824:0702/235029.140:ERROR:page_load_metrics_update_dispatcher.cc(179)] Invalid first_paint 1.046 s for first_image_paint 1.03 s
Jul 02, 2024 23:50:29.26 [4056:19824:0702/235029.257:ERROR:page_load_metrics_update_dispatcher.cc(179)] Invalid first_paint 1.046 s for first_image_paint 1.03 s
Jul 02, 2024 23:50:29.37 [4056:19824:0702/235029.370:ERROR:page_load_metrics_update_dispatcher.cc(179)] Invalid first_paint 1.046 s for first_image_paint 1.03 s
Jul 02, 2024 23:50:29.47 [4056:19824:0702/235029.473:ERROR:page_load_metrics_update_dispatcher.cc(179)] Invalid first_paint 1.046 s for first_image_paint 1.03 s
Jul 02, 2024 23:50:29.59 [4056:19824:0702/235029.590:ERROR:page_load_metrics_update_dispatcher.cc(179)] Invalid first_paint 1.046 s for first_image_paint 1.03 s
Jul 02, 2024 23:50:31.46 [4056:19824:0702/235031.468:ERROR:page_load_metrics_update_dispatcher.cc(179)] Invalid first_paint 1.046 s for first_image_paint 1.03 s
Jul 02, 2024 23:50:31.73 [4056:19824:0702/235031.736:ERROR:page_load_metrics_update_dispatcher.cc(179)] Invalid first_paint 1.046 s for first_image_paint 1.03 s
Jul 02, 2024 23:50:42.73 [4056:19824:0702/235042.730:ERROR:page_load_metrics_update_dispatcher.cc(179)] Invalid first_paint 1.046 s for first_image_paint 1.03 s
Jul 02, 2024 23:50:42.87 [4056:19824:0702/235042.878:ERROR:page_load_metrics_update_dispatcher.cc(179)] Invalid first_paint 1.046 s for first_image_paint 1.03 s
Jul 02, 2024 23:50:47.29 [4056:19824:0702/235047.298:ERROR:page_load_metrics_update_dispatcher.cc(179)] Invalid first_paint 1.046 s for first_image_paint 1.03 s
Jul 02, 2024 23:50:47.50 [4056:19824:0702/235047.501:ERROR:page_load_metrics_update_dispatcher.cc(179)] Invalid first_paint 1.046 s for first_image_paint 1.03 s
Jul 02, 2024 23:50:47.61 [4056:19824:0702/235047.613:ERROR:page_load_metrics_update_dispatcher.cc(179)] Invalid first_paint 1.046 s for first_image_paint 1.03 s
Jul 02, 2024 23:50:47.74 [4056:19824:0702/235047.746:ERROR:page_load_metrics_update_dispatcher.cc(179)] Invalid first_paint 1.046 s for first_image_paint 1.03 s
Jul 02, 2024 23:50:47.98 [4056:19824:0702/235047.979:ERROR:page_load_metrics_update_dispatcher.cc(179)] Invalid first_paint 1.046 s for first_image_paint 1.03 s
Jul 02, 2024 23:50:48.14 [4056:19824:0702/235048.139:ERROR:page_load_metrics_update_dispatcher.cc(179)] Invalid first_paint 1.046 s for first_image_paint 1.03 s
Jul 02, 2024 23:50:48.24 [4056:19824:0702/235048.241:ERROR:page_load_metrics_update_dispatcher.cc(179)] Invalid first_paint 1.046 s for first_image_paint 1.03 s
Jul 02, 2024 23:50:57.85 [4056:19824:0702/235057.851:ERROR:page_load_metrics_update_dispatcher.cc(179)] Invalid first_paint 1.046 s for first_image_paint 1.03 s
Jul 02, 2024 23:51:04.67 [4056:19824:0702/235104.669:ERROR:page_load_metrics_update_dispatcher.cc(179)] Invalid first_paint 1.046 s for first_image_paint 1.03 s
Jul 03, 2024 12:42:18.88 [4056:14116:0703/124218.882:ERROR:get_updates_processor.cc(263)] PostClientToServerMessage() failed during GetUpdates with error Network error (ERR_INTERNET_DISCONNECTED)
Jul 03, 2024 12:42:18.88 [4056:1776:0703/124218.882:ERROR:checkin_request.cc(243)] Check-in request got net error: -106
Jul 03, 2024 12:42:33.07 [4056:1776:0703/124233.075:ERROR:connection_factory_impl.cc(434)] Failed to connect to MCS endpoint with error -105
Jul 03, 2024 12:42:33.10 [4056:14428:0703/124233.107:ERROR:get_updates_processor.cc(263)] PostClientToServerMessage() failed during GetUpdates with error Network error (ERR_NAME_NOT_RESOLVED)
Jul 03, 2024 12:48:09.32 [4056:1776:0703/124809.325:ERROR:connection_factory_impl.cc(483)] ConnectionHandler failed with net error: -2
Jul 03, 2024 13:46:34.51 [4056:1776:0703/134634.511:ERROR:connection_factory_impl.cc(483)] ConnectionHandler failed with net error: -2
Jul 03, 2024 13:46:36.49 [4056:1776:0703/134636.496:ERROR:connection_factory_impl.cc(434)] Failed to connect to MCS endpoint with error -105
Jul 03, 2024 13:46:45.45 [4056:1776:0703/134645.454:ERROR:connection_factory_impl.cc(434)] Failed to connect to MCS endpoint with error -105
Jul 03, 2024 14:49:20.33 [4056:1776:0703/144920.324:ERROR:connection_factory_impl.cc(483)] ConnectionHandler failed with net error: -2
Jul 03, 2024 14:49:21.30 [4056:1776:0703/144921.302:ERROR:connection_factory_impl.cc(434)] Failed to connect to MCS endpoint with error -331
Jul 03, 2024 15:07:15.22 [4056:1776:0703/150715.224:ERROR:connection_factory_impl.cc(434)] Failed to connect to MCS endpoint with error -106
Jul 03, 2024 15:26:26.76 [4056:1776:0703/152626.756:ERROR:connection_factory_impl.cc(483)] ConnectionHandler failed with net error: -2
Jul 03, 2024 15:26:44.99 [4056:1776:0703/152644.992:ERROR:connection_factory_impl.cc(483)] ConnectionHandler failed with net error: -2

Jul 03, 2024 22:13:44.21 NEW SESSION
Jul 03, 2024 22:13:44.21 Created TensorFlow Lite XNNPACK delegate for CPU.

Jul 03, 2024 22:40:30.16 NEW SESSION
Jul 03, 2024 22:40:30.16 Created TensorFlow Lite XNNPACK delegate for CPU.
Jul 04, 2024 24:02:35.08 Created TensorFlow Lite XNNPACK delegate for CPU.

Jul 04, 2024 19:30:27.85 NEW SESSION
Jul 04, 2024 19:30:27.85 Created TensorFlow Lite XNNPACK delegate for CPU.
Jul 04, 2024 20:00:50.71 [5156:5604:0704/200050.713:ERROR:connection_factory_impl.cc(483)] ConnectionHandler failed with net error: -2
Jul 04, 2024 20:00:53.48 [5156:5604:0704/200053.484:ERROR:connection_factory_impl.cc(483)] ConnectionHandler failed with net error: -2
Jul 04, 2024 21:48:23.15 [5156:5604:0704/214823.158:ERROR:connection_factory_impl.cc(434)] Failed to connect to MCS endpoint with error -106
Jul 04, 2024 21:48:23.15 [5156:5604:0704/214823.158:ERROR:connection_factory_impl.cc(434)] Failed to connect to MCS endpoint with error -106
Jul 04, 2024 21:56:04.84 Created TensorFlow Lite XNNPACK delegate for CPU.
Jul 04, 2024 22:09:35.80 Created TensorFlow Lite XNNPACK delegate for CPU.
Jul 04, 2024 22:18:31.82 Created TensorFlow Lite XNNPACK delegate for CPU.

Jul 04, 2024 22:41:38.58 NEW SESSION
Jul 04, 2024 22:41:38.58 Created TensorFlow Lite XNNPACK delegate for CPU.

Jul 05, 2024 09:51:50.84 NEW SESSION
Jul 05, 2024 09:51:50.84 Created TensorFlow Lite XNNPACK delegate for CPU.
Jul 05, 2024 09:52:24.25 [11364:10280:0705/095224.250:ERROR:connection_factory_impl.cc(483)] ConnectionHandler failed with net error: -2
Jul 05, 2024 10:55:51.65 [11364:10280:0705/105551.657:ERROR:connection_factory_impl.cc(434)] Failed to connect to MCS endpoint with error -105
Jul 05, 2024 12:11:48.24 [11364:17096:0705/121148.083:ERROR:get_updates_processor.cc(263)] PostClientToServerMessage() failed during GetUpdates with error Network error (ERR_TIMED_OUT)
Jul 05, 2024 12:11:48.24 [11364:10280:0705/121148.092:ERROR:connection_factory_impl.cc(434)] Failed to connect to MCS endpoint with error -106

Oct 05, 2024 13:00:27.87 NEW SESSION
Oct 05, 2024 13:00:27.87 [5804:22412:1005/130027.875:ERROR:registration_request.cc(291)] Registration response error message: DEPRECATED_ENDPOINT
Oct 05, 2024 13:00:29.42 Created TensorFlow Lite XNNPACK delegate for CPU.
Oct 05, 2024 13:00:29.45 Attempting to use a delegate that only supports static-sized tensors with a graph that has dynamic-sized tensors (tensor#141 is a dynamic-sized tensor).
Oct 05, 2024 13:00:51.69 [5804:22412:1005/130051.693:ERROR:registration_request.cc(291)] Registration response error message: DEPRECATED_ENDPOINT
Oct 05, 2024 13:01:48.12 [5804:22412:1005/130148.125:ERROR:registration_request.cc(291)] Registration response error message: DEPRECATED_ENDPOINT
